0	0	1
0.6866490700	-0.0007436135	0.7269886530	-0.3023424477
0.7266123320	-0.0314859495	-0.6863258365	-1.1420304014
0.0234002892	0.9995039180	-0.0210794792	0.5025849884
0.0000000000	0.0000000000	0.0000000000	1.0000000000
1	1	2
0.7086169472	-0.0104622135	0.7055158143	-0.3018574167
0.7045904106	-0.0428021077	-0.7083221956	-1.1615344879
0.0376081819	0.9990287892	-0.0229587236	0.5094118328
0.0000000000	0.0000000000	0.0000000000	1.0000000000
2	2	3
0.7342185444	-0.0181050050	0.6786717453	-0.2914940791
0.6776316292	-0.0418501334	-0.7342097394	-1.1759897738
0.0416953741	0.9989598466	-0.0184586200	0.5126817678
0.0000000000	0.0000000000	0.0000000000	1.0000000000
3	3	4
0.7521650213	-0.0219455563	0.6586092721	-0.2722524368
0.6567211825	-0.0576228657	-0.7519287824	-1.1861319889
0.0544524491	0.9980971886	-0.0289297923	0.5122529446
0.0000000000	0.0000000000	0.0000000000	1.0000000000
4	4	5
0.7801011057	-0.0289473982	0.6249834502	-0.2505034978
0.6225411814	-0.0635997262	-0.7799984310	-1.1978927087
0.0623277015	0.9975555739	-0.0315932692	0.5109234469
0.0000000000	0.0000000000	0.0000000000	1.0000000000
5	5	6
0.8113534474	-0.0357655611	0.5834607168	-0.2358475053
0.5811562935	-0.0581368610	-0.8117126757	-1.2074494907
0.0629519339	0.9976677453	-0.0263841617	0.5107759575
0.0000000000	0.0000000000	0.0000000000	1.0000000000
6	6	7
0.8344587088	-0.0377965431	0.5497727573	-0.2298267868
0.5475814577	-0.0552146494	-0.8349286734	-1.2143188870
0.0619129276	0.9977588706	-0.0253776589	0.5118873126
0.0000000000	0.0000000000	0.0000000000	1.0000000000
7	7	8
0.8557585667	-0.0348722655	0.5161987996	-0.2316850168
0.5143918823	-0.0496463662	-0.8561169486	-1.2225330197
0.0554821322	0.9981578850	-0.0245472928	0.5109291116
0.0000000000	0.0000000000	0.0000000000	1.0000000000
8	8	9
0.8744357656	-0.0394582380	0.4835340105	-0.2433986983
0.4806381654	-0.0650230797	-0.8745049760	-1.2464190997
0.0659472960	0.9971033279	-0.0378933713	0.5100486277
0.0000000000	0.0000000000	0.0000000000	1.0000000000
9	9	10
0.8814995136	-0.0294953078	0.4712628082	-0.2588354915
0.4688867622	-0.0630781982	-0.8810030336	-1.2735610304
0.0557118645	0.9975726378	-0.0417734417	0.5077331211
0.0000000000	0.0000000000	0.0000000000	1.0000000000
10	10	11
0.8839460916	-0.0265579225	0.4668340004	-0.2783217652
0.4651505974	-0.0518800574	-0.8837100098	-1.3010695420
0.0476888767	0.9983001234	-0.0335057404	0.5104749665
0.0000000000	0.0000000000	0.0000000000	1.0000000000
11	11	12
0.8853329570	-0.0224215500	0.4644166548	-0.2955782066
0.4629154551	-0.0510062154	-0.8849336966	-1.3301879843
0.0435297211	0.9984466135	-0.0347782015	0.5119680808
0.0000000000	0.0000000000	0.0000000000	1.0000000000
12	12	13
0.8817095567	-0.0154931335	0.4715381432	-0.3097933927
0.4702291134	-0.0524419127	-0.8809849186	-1.3590466742
0.0383775791	0.9985037850	-0.0389532131	0.5111803711
0.0000000000	0.0000000000	0.0000000000	1.0000000000
13	13	14
0.8777274081	-0.0130417760	0.4789827859	-0.3242105188
0.4777628612	-0.0524690408	-0.8769205484	-1.3866021040
0.0365683687	0.9985373863	-0.0398226389	0.5113677627
0.0000000000	0.0000000000	0.0000000000	1.0000000000
14	14	15
0.8770014438	-0.0136220445	0.4802946049	-0.3513708738
0.4789239560	-0.0557987594	-0.8760812421	-1.4221196623
0.0387338608	0.9983491064	-0.0424116691	0.5100319866
0.0000000000	0.0000000000	0.0000000000	1.0000000000
15	15	16
0.8775926124	0.0105338179	0.4792913993	-0.3872558118
0.4791860039	-0.0496366598	-0.8763087217	-1.4623901503
0.0145595476	0.9987117906	-0.0486084240	0.5066546103
0.0000000000	0.0000000000	0.0000000000	1.0000000000
16	16	17
0.8890978974	0.0217330244	0.4572008361	-0.4190142170
0.4576777898	-0.0553001735	-0.8873967160	-1.5087709382
0.0059974710	0.9982332225	-0.0591139906	0.5003494355
0.0000000000	0.0000000000	0.0000000000	1.0000000000
17	17	18
0.9128272647	0.0094535848	0.4082364690	-0.4467156229
0.4079632822	-0.0643815912	-0.9107255191	-1.5697074537
0.0176732925	0.9978805742	-0.0626259873	0.5001335027
0.0000000000	0.0000000000	0.0000000000	1.0000000000
18	18	19
0.9368091083	-0.0070064000	0.3497707892	-0.4713443695
0.3485915495	-0.0657273096	-0.9349673002	-1.6456760481
0.0295402479	0.9978130241	-0.0591315704	0.5022165230
0.0000000000	0.0000000000	0.0000000000	1.0000000000
19	19	20
0.9530473539	-0.0077436054	0.3027222783	-0.4908105420
0.3015982273	-0.0654843434	-0.9511836363	-1.7274097815
0.0271891604	0.9978235502	-0.0600742226	0.5038694872
0.0000000000	0.0000000000	0.0000000000	1.0000000000
20	20	21
0.9802173949	-0.0317056310	0.1953678882	-0.5195545568
0.1930014171	-0.0656565797	-0.9789993190	-1.8504380619
0.0438669785	0.9973384413	-0.0582384898	0.5119662259
0.0000000000	0.0000000000	0.0000000000	1.0000000000
21	21	22
0.9901535910	-0.0453788071	0.1324259422	-0.5445739854
0.1292247137	-0.0674195767	-0.9893207640	-1.8871457721
0.0538222971	0.9966922115	-0.0608916726	0.5151116384
0.0000000000	0.0000000000	0.0000000000	1.0000000000
22	22	23
0.9955511740	-0.0496912614	0.0800539729	-0.5755926179
0.0765562025	-0.0686987788	-0.9946957453	-1.9178452802
0.0549272965	0.9963991451	-0.0645889756	0.5137260881
0.0000000000	0.0000000000	0.0000000000	1.0000000000
23	23	24
0.9985073400	-0.0413530416	0.0356793774	-0.6093968347
0.0329756520	-0.0643152922	-0.9973846548	-1.9492771781
0.0435396187	0.9970724493	-0.0628556478	0.5147674366
0.0000000000	0.0000000000	0.0000000000	1.0000000000
24	24	25
0.9984862215	-0.0468348367	-0.0288403110	-0.6406780529
-0.0314203782	-0.0553205720	-0.9979741450	-1.9743122572
0.0451444936	0.9973696067	-0.0567083972	0.5172829655
0.0000000000	0.0000000000	0.0000000000	1.0000000000
25	25	26
0.9942242028	-0.0459604669	-0.0969838651	-0.6676493157
-0.0991617242	-0.0477424110	-0.9939253567	-1.9921492128
0.0410510300	0.9978017326	-0.0520241796	0.5197694293
0.0000000000	0.0000000000	0.0000000000	1.0000000000
26	26	27
0.9864152917	-0.0468588581	-0.1574456087	-0.6955720697
-0.1596312690	-0.0472536717	-0.9860451047	-2.0053909877
0.0387650645	0.9977832119	-0.0540918833	0.5201849192
0.0000000000	0.0000000000	0.0000000000	1.0000000000
27	27	28
0.9778664412	-0.0424874795	-0.2048707817	-0.7189753783
-0.2067853452	-0.0470054208	-0.9772565228	-2.0142291393
0.0318911292	0.9979906335	-0.0547508116	0.5201052082
0.0000000000	0.0000000000	0.0000000000	1.0000000000
28	28	29
0.9672148559	-0.0509734605	-0.2487913360	-0.7425748197
-0.2511336772	-0.0462393420	-0.9668473506	-2.0214231645
0.0377796075	0.9976290040	-0.0575245311	0.5228654765
0.0000000000	0.0000000000	0.0000000000	1.0000000000
29	29	30
0.9529531026	-0.0550513375	-0.2980767259	-0.7697944650
-0.3006411792	-0.0462101993	-0.9526171838	-2.0308772301
0.0386686652	0.9974136392	-0.0605868518	0.5230701238
0.0000000000	0.0000000000	0.0000000000	1.0000000000
30	30	31
0.9369143446	-0.0472011716	-0.3463575615	-0.7973424802
-0.3482672143	-0.0409393184	-0.9365008914	-2.0388831709
0.0300242968	0.9980461019	-0.0547952552	0.5226857124
0.0000000000	0.0000000000	0.0000000000	1.0000000000
31	31	32
0.9043139977	-0.0556027030	-0.4232310633	-0.8502003347
-0.4253917568	-0.0350029993	-0.9043321532	-2.0511009548
0.0354689555	0.9978392303	-0.0553066337	0.5217809219
0.0000000000	0.0000000000	0.0000000000	1.0000000000
32	32	33
0.8922256873	-0.0565346644	-0.4480370014	-0.8808604568
-0.4500995435	-0.0307951462	-0.8924472309	-2.0609135006
0.0366568398	0.9979255938	-0.0529224471	0.5207043781
0.0000000000	0.0000000000	0.0000000000	1.0000000000
33	33	34
0.8861516999	-0.0502312304	-0.4606647244	-0.9158287692
-0.4624819461	-0.0334847188	-0.8859961756	-2.0748837010
0.0290794492	0.9981761353	-0.0529035777	0.5178171793
0.0000000000	0.0000000000	0.0000000000	1.0000000000
34	34	35
0.8705712254	-0.0600442276	-0.4883650604	-0.9547195668
-0.4909308703	-0.0393195712	-0.8703107789	-2.0977277970
0.0330548337	0.9974210054	-0.0637080522	0.5145582060
0.0000000000	0.0000000000	0.0000000000	1.0000000000
35	35	36
0.8508591597	-0.0711373409	-0.5205556349	-0.9866009842
-0.5238495993	-0.0389571274	-0.8509194671	-2.1342543323
0.0402527960	0.9967054836	-0.0704122962	0.5141974768
0.0000000000	0.0000000000	0.0000000000	1.0000000000
36	36	37
0.8232560785	-0.0782439556	-0.5622520010	-1.0166308164
-0.5654741058	-0.0259961332	-0.8243562560	-2.1827442048
0.0498845164	0.9965952461	-0.0656464055	0.5147888925
0.0000000000	0.0000000000	0.0000000000	1.0000000000
37	37	38
0.7385708733	-0.0745158989	-0.6700451073	-1.0802894066
-0.6710342969	0.0145820310	-0.7412828993	-2.2839204653
0.0650079801	0.9971132058	-0.0392328605	0.5275981711
0.0000000000	0.0000000000	0.0000000000	1.0000000000
38	38	39
0.7273321459	-0.0640408810	-0.6832910910	-1.1087368847
-0.6848862145	-0.0041830668	-0.7286380275	-2.3246112993
0.0438043689	0.9979385089	-0.0469031955	0.5238292238
0.0000000000	0.0000000000	0.0000000000	1.0000000000
39	39	40
0.7519793964	-0.0627006392	-0.6561978492	-1.1354761570
-0.6579088739	-0.0094374164	-0.7530384113	-2.3610022864
0.0410231774	0.9979877580	-0.0483480496	0.5197700724
0.0000000000	0.0000000000	0.0000000000	1.0000000000
40	40	41
0.7986271034	-0.0669707630	-0.5980883434	-1.1694052123
-0.6001306395	-0.0140747212	-0.7997781678	-2.3947168689
0.0451438274	0.9976556616	-0.0514316606	0.5178948406
0.0000000000	0.0000000000	0.0000000000	1.0000000000
41	41	42
0.8611400416	-0.0660287636	-0.5040615351	-1.2141918133
-0.5069112690	-0.0365242498	-0.8612240966	-2.4337292203
0.0384550929	0.9971490268	-0.0649232183	0.5198962060
0.0000000000	0.0000000000	0.0000000000	1.0000000000
42	42	43
0.9187705067	-0.0589731523	-0.3903625537	-1.2462498297
-0.3932750436	-0.0501190012	-0.9180538251	-2.4676077441
0.0345759467	0.9970006284	-0.0692405292	0.5260525716
0.0000000000	0.0000000000	0.0000000000	1.0000000000
43	43	44
0.9531876924	-0.0703776574	-0.2940751748	-1.2573380532
-0.2983777960	-0.0612215927	-0.9524823397	-2.4975585606
0.0490297252	0.9956399459	-0.0793547990	0.5256162023
0.0000000000	0.0000000000	0.0000000000	1.0000000000
44	44	45
0.9705007648	-0.0791773003	-0.2277261967	-1.2633804681
-0.2337386450	-0.0773971635	-0.9692140759	-2.5396210493
0.0591143922	0.9938514146	-0.0936208012	0.5220537868
0.0000000000	0.0000000000	0.0000000000	1.0000000000
45	45	46
0.9847506468	-0.0749945617	-0.1569776394	-1.2629431538
-0.1634004058	-0.0889633486	-0.9825404979	-2.5962333397
0.0597199375	0.9932076008	-0.0998608569	0.5147726120
0.0000000000	0.0000000000	0.0000000000	1.0000000000
46	46	47
0.9950603464	-0.0612242749	-0.0781440670	-1.2630015851
-0.0839138438	-0.0981569589	-0.9916267837	-2.6640430031
0.0530412469	0.9932858600	-0.1028096617	0.5106833156
0.0000000000	0.0000000000	0.0000000000	1.0000000000
47	47	48
0.9982741511	-0.0551150449	-0.0202743961	-1.2596934430
-0.0259218950	-0.1037658137	-0.9942639042	-2.7182578995
0.0526951105	0.9930735057	-0.1050154160	0.5062251300
0.0000000000	0.0000000000	0.0000000000	1.0000000000
48	48	49
0.9975622613	-0.0654403417	0.0242300738	-1.2599948031
0.0169350490	-0.1098140970	-0.9938078628	-2.7556105870
0.0676959298	0.9917955564	-0.1084381635	0.5095935468
0.0000000000	0.0000000000	0.0000000000	1.0000000000
49	49	50
0.9948391045	-0.0575892949	0.0835381903	-1.2677390243
0.0771211386	-0.1058458091	-0.9913874090	-2.7918608055
0.0659354692	0.9927135225	-0.1008581979	0.5113868913
0.0000000000	0.0000000000	0.0000000000	1.0000000000
50	50	51
0.9851098236	-0.0374833102	0.1677904556	-1.2785528367
0.1633826320	-0.0997264558	-0.9815094241	-2.8267333373
0.0535233696	0.9943086218	-0.0921173894	0.5138210723
0.0000000000	0.0000000000	0.0000000000	1.0000000000
51	51	52
0.9717571153	-0.0329351275	0.2336736747	-1.2956039181
0.2297478372	-0.0940848670	-0.9686918855	-2.8655405413
0.0538891473	0.9950192537	-0.0838608647	0.5174784122
0.0000000000	0.0000000000	0.0000000000	1.0000000000
52	52	53
0.9607250058	-0.0228807822	0.2765572871	-1.3140715226
0.2733608659	-0.0934992179	-0.9573566385	-2.8985983091
0.0477629588	0.9953564015	-0.0835723263	0.5175800296
0.0000000000	0.0000000000	0.0000000000	1.0000000000
53	53	54
0.9503352821	-0.0048635241	0.3111899705	-1.3329860679
0.3093460986	-0.0950284511	-0.9461895079	-2.9207431711
0.0341737163	0.9954626762	-0.0888043777	0.5156852527
0.0000000000	0.0000000000	0.0000000000	1.0000000000
54	54	55
0.9432248465	0.0022402072	0.3321473624	-1.3423284056
0.3307991009	-0.0965947901	-0.9387445879	-2.9390536308
0.0299807224	0.9953212687	-0.0918516646	0.5126304087
0.0000000000	0.0000000000	0.0000000000	1.0000000000
55	55	56
0.9392910145	0.0077929623	0.3430330302	-1.3352020399
0.3423366023	-0.0888689124	-0.9353651518	-2.9619231026
0.0231957070	0.9960128444	-0.0861415871	0.5133459105
0.0000000000	0.0000000000	0.0000000000	1.0000000000
56	56	57
0.9368618980	0.0073847664	0.3496215800	-1.3282928736
0.3490101855	-0.0824909666	-0.9334811893	-3.0101621819
0.0219470816	0.9965644513	-0.0798600023	0.5130984097
0.0000000000	0.0000000000	0.0000000000	1.0000000000
57	57	58
0.9357183739	0.0128265014	0.3525146884	-1.3234607584
0.3525528077	-0.0672426504	-0.9333728857	-3.0750141486
0.0117321133	0.9976542020	-0.0674422026	0.5126542395
0.0000000000	0.0000000000	0.0000000000	1.0000000000
58	58	59
0.9373896568	-0.0023784763	0.3482742801	-1.3205221142
0.3469378156	-0.0814068232	-0.9343484796	-3.1276501389
0.0305742285	0.9966781185	-0.0754847307	0.5128047466
0.0000000000	0.0000000000	0.0000000000	1.0000000000
59	59	60
0.9390527790	-0.0062148052	0.3437168230	-1.3236237158
0.3418037686	-0.0899854993	-0.9354532557	-3.1649340811
0.0367431897	0.9959236849	-0.0823768894	0.5134715838
0.0000000000	0.0000000000	0.0000000000	1.0000000000
60	60	61
0.9412536910	-0.0067830792	0.3376321652	-1.3410418804
0.3355630921	-0.0935178210	-0.9373642987	-3.1967678758
0.0379328406	0.9955944993	-0.0857478432	0.5095291648
0.0000000000	0.0000000000	0.0000000000	1.0000000000
61	61	62
0.9483783412	0.0024761431	0.3171315037	-1.3697395482
0.3163193737	-0.0793264024	-0.9453302998	-3.2255942698
0.0228161282	0.9968456202	-0.0760146939	0.5130007923
0.0000000000	0.0000000000	0.0000000000	1.0000000000
62	62	63
0.9596273542	0.0087195394	0.2811393085	-1.4026312405
0.2811131004	-0.0635864440	-0.9575657622	-3.2480732782
0.0095271165	0.9979382415	-0.0634704678	0.5177137580
0.0000000000	0.0000000000	0.0000000000	1.0000000000
63	63	64
0.9693062839	0.0078534273	0.2457308519	-1.4345954934
0.2457338270	-0.0624934216	-0.9673207630	-3.2699392125
0.0077597784	0.9980144768	-0.0625051190	0.5182656089
0.0000000000	0.0000000000	0.0000000000	1.0000000000
64	64	65
0.9773096118	0.0013451792	0.2118115040	-1.4651327335
0.2115266963	-0.0584241896	-0.9756244517	-3.2869167782
0.0110625257	0.9982909418	-0.0573830634	0.5200284851
0.0000000000	0.0000000000	0.0000000000	1.0000000000
65	65	66
0.9848729751	-0.0053507192	0.1731952447	-1.4940965855
0.1725168775	-0.0632944458	-0.9829708745	-3.2983395951
0.0162218981	0.9979805524	-0.0614138998	0.5193327051
0.0000000000	0.0000000000	0.0000000000	1.0000000000
66	66	67
0.9919432647	-0.0142001498	0.1258845318	-1.5201749589
0.1245335717	-0.0729664541	-0.9895288202	-3.3083624367
0.0232368054	0.9972332988	-0.0706101874	0.5168126290
0.0000000000	0.0000000000	0.0000000000	1.0000000000
67	67	68
0.9977560919	-0.0236163410	0.0626502152	-1.5460775659
0.0607944989	-0.0724605758	-0.9955166969	-3.3169300017
0.0280501324	0.9970916374	-0.0708622373	0.5164811132
0.0000000000	0.0000000000	0.0000000000	1.0000000000
68	68	69
0.9994876568	-0.0319865903	-0.0011321924	-1.5727886137
-0.0034944767	-0.0738933427	-0.9972600275	-3.3253104149
0.0318152865	0.9967530446	-0.0739672604	0.5163597630
0.0000000000	0.0000000000	0.0000000000	1.0000000000
69	69	70
0.9973476515	-0.0406300846	-0.0603892234	-1.6021083099
-0.0632584250	-0.0734923762	-0.9952875174	-3.3333027672
0.0360004685	0.9964677952	-0.0758676440	0.5161919164
0.0000000000	0.0000000000	0.0000000000	1.0000000000
70	70	71
0.9921404757	-0.0457892656	-0.1164500738	-1.6346209126
-0.1195469205	-0.0719992740	-0.9902144406	-3.3401829629
0.0369568713	0.9963530738	-0.0769073597	0.5159321630
0.0000000000	0.0000000000	0.0000000000	1.0000000000
71	71	72
0.9873325427	-0.0399503447	-0.1535526624	-1.6700963885
-0.1561820640	-0.0741848906	-0.9849384574	-3.3471570173
0.0279573434	0.9964439633	-0.0794846840	0.5148220377
0.0000000000	0.0000000000	0.0000000000	1.0000000000
72	72	73
0.9838539725	-0.0364815803	-0.1752154531	-1.7033181298
-0.1775278128	-0.0747624048	-0.9812718576	-3.3534607317
0.0226988195	0.9965338314	-0.0800317841	0.5137006073
0.0000000000	0.0000000000	0.0000000000	1.0000000000
73	73	74
0.9810794738	-0.0380366726	-0.1898322357	-1.7280604313
-0.1922049425	-0.0736299602	-0.9785887231	-3.3605020860
0.0232449190	0.9965600035	-0.0795476791	0.5125505433
0.0000000000	0.0000000000	0.0000000000	1.0000000000
74	74	75
0.9756508091	-0.0428633407	-0.2151005178	-1.7484708824
-0.2178775125	-0.0767412584	-0.9729543508	-3.3757533342
0.0251969894	0.9961292653	-0.0842116289	0.5139517459
0.0000000000	0.0000000000	0.0000000000	1.0000000000
75	75	76
0.9711403071	-0.0400895506	-0.2351155715	-1.7687582355
-0.2375768786	-0.0755326805	-0.9684276127	-3.4009138505
0.0210649185	0.9963371127	-0.0828771808	0.5161927824
0.0000000000	0.0000000000	0.0000000000	1.0000000000
76	76	77
0.9652370380	-0.0426506716	-0.2578727993	-1.7978852583
-0.2603714283	-0.0704795326	-0.9629326845	-3.4419458973
0.0228949713	0.9966010012	-0.0791344716	0.5177022133
0.0000000000	0.0000000000	0.0000000000	1.0000000000
77	77	78
0.9541421487	-0.0444957833	-0.2960285212	-1.8339093286
-0.2985467495	-0.0688707880	-0.9519068510	-3.4958820391
0.0219681234	0.9966328009	-0.0789965931	0.5228579755
0.0000000000	0.0000000000	0.0000000000	1.0000000000
78	78	79
0.9401750738	-0.0447218773	-0.3377436667	-1.8649771695
-0.3398750778	-0.0545214222	-0.9388888891	-3.5494948688
0.0235746087	0.9975105855	-0.0664595337	0.5277781157
0.0000000000	0.0000000000	0.0000000000	1.0000000000
79	79	80
0.9226323876	-0.0632235586	-0.3804632164	-1.8916959666
-0.3836217214	-0.0486450320	-0.9222082388	-3.5907009645
0.0397976413	0.9968131432	-0.0691354124	0.5286665273
0.0000000000	0.0000000000	0.0000000000	1.0000000000
80	80	81
0.9061247276	-0.0709357576	-0.4170204986	-1.9240217805
-0.4211545504	-0.0590340447	-0.9050656475	-3.6201026879
0.0395831106	0.9957324439	-0.0833671248	0.5250600983
0.0000000000	0.0000000000	0.0000000000	1.0000000000
81	81	82
0.8963020220	-0.0735942414	-0.4372946067	-1.9637999355
-0.4417167344	-0.0612149159	-0.8950637188	-3.6439441253
0.0391025828	0.9954077666	-0.0873748608	0.5208998345
0.0000000000	0.0000000000	0.0000000000	1.0000000000
82	82	83
0.9010362170	-0.0455208492	-0.4313485690	-1.9989616943
-0.4329177852	-0.0330350907	-0.9008278826	-3.6628215762
0.0267568111	0.9984170146	-0.0494725984	0.5359186551
0.0000000000	0.0000000000	0.0000000000	1.0000000000
83	83	84
0.9101281106	-0.0126766973	-0.4141329782	-2.0237955333
-0.4140677694	0.0075200092	-0.9102149921	-3.6712915205
0.0146528038	0.9998913695	0.0015951600	0.5566721663
0.0000000000	0.0000000000	0.0000000000	1.0000000000
84	84	85
0.9195487648	0.0122022856	-0.3927864222	-2.0458980190
-0.3929757102	0.0295715080	-0.9190732382	-3.6791796915
0.0004004927	0.9994881841	0.0319876455	0.5677572905
0.0000000000	0.0000000000	0.0000000000	1.0000000000
85	85	86
0.9303395886	0.0284174518	-0.3655963598	-2.0728065048
-0.3664929904	0.0386316099	-0.9296184630	-3.6862203168
-0.0122938119	0.9988493616	0.0463553130	0.5747963177
0.0000000000	0.0000000000	0.0000000000	1.0000000000
86	86	87
0.9418569518	0.0411299607	-0.3334873440	-2.1073263883
-0.3352236160	0.0469791558	-0.9409665702	-3.6985834854
-0.0230349641	0.9980487389	0.0580353786	0.5754319097
0.0000000000	0.0000000000	0.0000000000	1.0000000000
87	87	88
0.9481437671	0.0463406695	-0.3144454472	-2.1431312911
-0.3171032630	0.0705143739	-0.9457659561	-3.7207248544
-0.0216545038	0.9964337737	0.0815525416	0.5803594900
0.0000000000	0.0000000000	0.0000000000	1.0000000000
88	88	89
0.9550741269	0.0474463116	-0.2925444574	-2.1818223535
-0.2957524366	0.0890464879	-0.9511052619	-3.7564744905
-0.0190763801	0.9948967637	0.0990783589	0.5833797897
0.0000000000	0.0000000000	0.0000000000	1.0000000000
89	89	90
0.9606211025	0.0609943433	-0.2710844656	-2.2237188367
-0.2764263386	0.1107449623	-0.9546329308	-3.8005881265
-0.0282059698	0.9919754248	0.1232443908	0.5845532570
0.0000000000	0.0000000000	0.0000000000	1.0000000000
90	90	91
0.9700272347	0.0609375806	-0.2352313227	-2.2625058724
-0.2415634208	0.1368556399	-0.9606860297	-3.8473669916
-0.0263491491	0.9887148958	0.1474739883	0.5972381019
0.0000000000	0.0000000000	0.0000000000	1.0000000000
91	91	92
0.9790624496	0.0552891064	-0.1959077192	-2.2903119478
-0.2020918949	0.1486237451	-0.9680236817	-3.8859090741
-0.0244046254	0.9873469993	0.1566854083	0.5999399624
0.0000000000	0.0000000000	0.0000000000	1.0000000000
92	92	93
0.9848432968	0.0459575212	-0.1672470838	-2.3169445882
-0.1725598454	0.1622429674	-0.9715453254	-3.9137876083
-0.0175151517	0.9856800322	0.1677143216	0.6042138574
0.0000000000	0.0000000000	0.0000000000	1.0000000000
93	93	94
0.9891901942	0.0463237604	-0.1391289651	-2.3567565615
-0.1451251640	0.1733212342	-0.9741141804	-3.9333458637
-0.0210106279	0.9837753092	0.1781704086	0.6034696080
0.0000000000	0.0000000000	0.0000000000	1.0000000000
94	94	95
0.9924368889	0.0533132192	-0.1105745098	-2.4097012349
-0.1184500387	0.1794181105	-0.9766159583	-3.9546746862
-0.0322274711	0.9823272582	0.1843761043	0.6045148556
0.0000000000	0.0000000000	0.0000000000	1.0000000000
95	95	96
0.9939506646	0.0575065469	-0.0935685491	-2.4669831171
-0.1015637886	0.1570622118	-0.9823524105	-3.9788508503
-0.0417956117	0.9859130077	0.1619526726	0.6007930617
0.0000000000	0.0000000000	0.0000000000	1.0000000000
96	96	97
0.9948288145	0.0612297152	-0.0810342635	-2.5192143790
-0.0878617311	0.1185772190	-0.9890499276	-4.0022651026
-0.0509504278	0.9910551776	0.1233437830	0.5885785904
0.0000000000	0.0000000000	0.0000000000	1.0000000000
97	97	98
0.9947260911	0.0615574725	-0.0820407294	-2.5640831162
-0.0870705883	0.0840452119	-0.9926505503	-4.0320208530
-0.0542099285	0.9945587363	0.0889618104	0.5774118509
0.0000000000	0.0000000000	0.0000000000	1.0000000000
98	98	99
0.9944282319	0.0501287006	-0.0927340546	-2.5970990852
-0.0957386569	0.0612877513	-0.9935179521	-4.0730824816
-0.0441203023	0.9968605343	0.0657455246	0.5709415498
0.0000000000	0.0000000000	0.0000000000	1.0000000000
99	99	100
0.9902512013	0.0425107102	-0.1326476456	-2.6220473020
-0.1349084376	0.0556497105	-0.9892941035	-4.1216422122
-0.0346737918	0.9975449610	0.0608422461	0.5648237263
0.0000000000	0.0000000000	0.0000000000	1.0000000000
100	100	101
0.9831697296	0.0277488169	-0.1805748763	-2.6405576872
-0.1817523307	0.0483088592	-0.9821569856	-4.1649034088
-0.0185303280	0.9984469226	0.0525392202	0.5642476959
0.0000000000	0.0000000000	0.0000000000	1.0000000000
101	101	102
0.9739289847	0.0084072892	-0.2266972658	-2.6670611602
-0.2268497884	0.0306872508	-0.9734461804	-4.1968776323
-0.0012273277	0.9994936769	0.0317943948	0.5597414612
0.0000000000	0.0000000000	0.0000000000	1.0000000000
102	102	103
0.9637013057	0.0058539599	-0.2669185730	-2.6960144657
-0.2669785769	0.0267257843	-0.9633318078	-4.2165721417
0.0014943025	0.9996256617	0.0273185551	0.5594581628
0.0000000000	0.0000000000	0.0000000000	1.0000000000
103	103	104
0.9521502002	0.0062501874	-0.3055665743	-2.7228991835
-0.3056179774	0.0285174571	-0.9517270651	-4.2260301606
0.0027655091	0.9995737541	0.0290630721	0.5624014587
0.0000000000	0.0000000000	0.0000000000	1.0000000000
104	104	105
0.9382926008	-0.0063268784	-0.3457845657	-2.7504484254
-0.3456790217	0.0135759632	-0.9382546068	-4.2321766996
0.0106305813	0.9998878256	0.0105511566	0.5570160782
0.0000000000	0.0000000000	0.0000000000	1.0000000000
105	105	106
0.9246902844	-0.0208668766	-0.3801479337	-2.7709303016
-0.3803530791	-0.0067930670	-0.9248164085	-4.2361571228
0.0167156595	0.9997591849	-0.0142182638	0.5480653665
0.0000000000	0.0000000000	0.0000000000	1.0000000000
106	106	107
0.9128483527	-0.0335673149	-0.4069166013	-2.7891873170
-0.4078931162	-0.0305588019	-0.9125181452	-4.2368675279
0.0181959001	0.9989691662	-0.0415874287	0.5381848175
0.0000000000	0.0000000000	0.0000000000	1.0000000000
107	107	108
0.9046144509	-0.0392092835	-0.4244235236	-2.8030011206
-0.4259164269	-0.0449172085	-0.9036468568	-4.2357756454
0.0163674259	0.9982209557	-0.0573326339	0.5312505058
0.0000000000	0.0000000000	0.0000000000	1.0000000000
108	108	109
0.8976566795	-0.0461306653	-0.4382743975	-2.8154797900
-0.4404594450	-0.0613703208	-0.8956724630	-4.2357894385
0.0144209262	0.9970484669	-0.0754081656	0.5226868442
0.0000000000	0.0000000000	0.0000000000	1.0000000000
109	109	110
0.8905271682	-0.0634103221	-0.4504891716	-2.8299122921
-0.4546470936	-0.0891278523	-0.8862010191	-4.2357849383
0.0160431598	0.9939996766	-0.1082000926	0.5082241186
0.0000000000	0.0000000000	0.0000000000	1.0000000000
110	110	111
0.8830670813	-0.0819647047	-0.4620328096	-2.8433895248
-0.4687185252	-0.1073674040	-0.8767982577	-4.2336678991
0.0222592470	0.9908350154	-0.1332309956	0.4970972687
0.0000000000	0.0000000000	0.0000000000	1.0000000000
111	111	112
0.8760182014	-0.0878867234	-0.4742025249	-2.8524280167
-0.4818304711	-0.1171398565	-0.8683994767	-4.2334835135
0.0207727689	0.9892189737	-0.1449631478	0.4903866775
0.0000000000	0.0000000000	0.0000000000	1.0000000000
112	112	113
0.8668195898	-0.1014279456	-0.4881968563	-2.8591312702
-0.4980903996	-0.1309426620	-0.8571814120	-4.2364568409
0.0230163537	0.9861878072	-0.1640239506	0.4807795598
0.0000000000	0.0000000000	0.0000000000	1.0000000000
113	113	114
0.8584129758	-0.1096140142	-0.5011106972	-2.8641698722
-0.5125306176	-0.1433540492	-0.8466179673	-4.2409460079
0.0209649464	0.9835824238	-0.1792375144	0.4720701087
0.0000000000	0.0000000000	0.0000000000	1.0000000000
114	114	115
0.8503770135	-0.1266857185	-0.5106952747	-2.8665936267
-0.5255401139	-0.1568744174	-0.8361806060	-4.2452675419
0.0258171172	0.9794596193	-0.1999808255	0.4620804965
0.0000000000	0.0000000000	0.0000000000	1.0000000000
115	115	116
0.8399011271	-0.1391093589	-0.5246090763	-2.8615603041
-0.5419438047	-0.1626400262	-0.8245272187	-4.2464106045
0.0293770189	0.9768299791	-0.2119909965	0.4545434952
0.0000000000	0.0000000000	0.0000000000	1.0000000000
116	116	117
0.8276288121	-0.1525916094	-0.5401354924	-2.8517837677
-0.5601926709	-0.1648126888	-0.8118010527	-4.2453991702
0.0348528464	0.9744498850	-0.2218844311	0.4495635251
0.0000000000	0.0000000000	0.0000000000	1.0000000000
117	117	118
0.8136470545	-0.1665494488	-0.5569916981	-2.8443466028
-0.5799127149	-0.1649734744	-0.7978000976	-4.2449632370
0.0409843108	0.9721342674	-0.2308143246	0.4452382985
0.0000000000	0.0000000000	0.0000000000	1.0000000000
118	118	119
0.8002022954	-0.1845205445	-0.5706386379	-2.8479151072
-0.5981490841	-0.1765058581	-0.7817054147	-4.2415279717
0.0435196463	0.9668494457	-0.2516111875	0.4358864184
0.0000000000	0.0000000000	0.0000000000	1.0000000000
119	119	120
0.7950093310	-0.1923406179	-0.5752957937	-2.8584505778
-0.6051097988	-0.1850896450	-0.7743280666	-4.2314943248
0.0424534445	0.9637151602	-0.2635351874	0.4277495510
0.0000000000	0.0000000000	0.0000000000	1.0000000000
120	120	121
0.7893894464	-0.2108324857	-0.5765535231	-2.8711954901
-0.6116950178	-0.1907349559	-0.7677560692	-4.2185541649
0.0518990097	0.9587334560	-0.2795293423	0.4212167385
0.0000000000	0.0000000000	0.0000000000	1.0000000000
121	121	122
0.7833973264	-0.2203633293	-0.5811442438	-2.8842090455
-0.6192952331	-0.1976969444	-0.7598613903	-4.2040052435
0.0525551445	0.9551732415	-0.2913452170	0.4128001756
0.0000000000	0.0000000000	0.0000000000	1.0000000000
122	122	123
0.7815166163	-0.2238870167	-0.5823284144	-2.8968309641
-0.6217654334	-0.2026383971	-0.7565351451	-4.1874766392
0.0513763002	0.9533164657	-0.2975704824	0.4048580743
0.0000000000	0.0000000000	0.0000000000	1.0000000000
123	123	124
0.7756548999	-0.2251342670	-0.5896389048	-2.9039284033
-0.6293691212	-0.2056201524	-0.7494096758	-4.1733781584
0.0474761566	0.9523838064	-0.3011828345	0.4001055222
0.0000000000	0.0000000000	0.0000000000	1.0000000000
124	124	125
0.7430284052	-0.2341557814	-0.6269608115	-2.9110806086
-0.6676866501	-0.1951588394	-0.7184062672	-4.1733721404
0.0458620365	0.9524096269	-0.3013512505	0.4006565464
0.0000000000	0.0000000000	0.0000000000	1.0000000000
125	125	126
0.6810511708	-0.2516463812	-0.6876360968	-2.9215847089
-0.7304896506	-0.1686817219	-0.6617638152	-4.1889984278
0.0505388284	0.9530060732	-0.2987059612	0.4050835601
0.0000000000	0.0000000000	0.0000000000	1.0000000000
126	126	127
0.6027874110	-0.2736651585	-0.7495029807	-2.9369415329
-0.7959786803	-0.1410670639	-0.5886578157	-4.2059426046
0.0553649496	0.9514239142	-0.3028650819	0.4031356885
0.0000000000	0.0000000000	0.0000000000	1.0000000000
127	127	128
0.5180717131	-0.2959101085	-0.8025203473	-2.9526483689
-0.8535437731	-0.1181285068	-0.5074531341	-4.2149720388
0.0553599816	0.9478833597	-0.3137712684	0.3958952628
0.0000000000	0.0000000000	0.0000000000	1.0000000000
128	128	129
0.4472989826	-0.3009205863	-0.8422413080	-2.9630559324
-0.8925025847	-0.0891225034	-0.4421496530	-4.2193228458
0.0579892790	0.9494756343	-0.3084368061	0.3951852421
0.0000000000	0.0000000000	0.0000000000	1.0000000000
129	129	130
0.3709317446	-0.2864103120	-0.8833904992	-2.9676200563
-0.9271557516	-0.0600911909	-0.3698259875	-4.2178643557
0.0528379893	0.9562207810	-0.2878366984	0.3977935488
0.0000000000	0.0000000000	0.0000000000	1.0000000000
130	130	131
0.2922300816	-0.2723885393	-0.9167366378	-2.9678985678
-0.9549336190	-0.0309950798	-0.2951966942	-4.2085410764
0.0519938711	0.9616879893	-0.2691706683	0.4002534115
0.0000000000	0.0000000000	0.0000000000	1.0000000000
131	131	132
0.1230613714	-0.2348096582	-0.9642200596	-2.9795307477
-0.9911439479	0.0197696615	-0.1313119756	-4.1496785871
0.0498956243	0.9718403083	-0.2302972900	0.4112214662
0.0000000000	0.0000000000	0.0000000000	1.0000000000
132	132	133
0.0625999873	-0.2146631375	-0.9746799367	-2.9946290415
-0.9970230428	0.0305966008	-0.0707735837	-4.1096958681
0.0450143725	0.9762087817	-0.2121087477	0.4164421214
0.0000000000	0.0000000000	0.0000000000	1.0000000000
133	133	134
0.0116910761	-0.1910130858	-0.9815178652	-3.0105360707
-0.9994141261	0.0293447700	-0.0176150249	-4.0720664556
0.0321671162	0.9811487581	-0.1905581043	0.4222855493
0.0000000000	0.0000000000	0.0000000000	1.0000000000
134	134	135
-0.0381129556	-0.1737330728	-0.9840549893	-3.0305081118
-0.9990029721	0.0295349810	0.0334775529	-4.0381316851
0.0232478873	0.9843497876	-0.1746855215	0.4246990354
0.0000000000	0.0000000000	0.0000000000	1.0000000000
135	135	136
-0.0905612212	-0.1659562329	-0.9819659841	-3.0487684552
-0.9958487563	0.0241605282	0.0877583242	-4.0116761453
0.0091607760	0.9858371050	-0.1674553150	0.4266501520
0.0000000000	0.0000000000	0.0000000000	1.0000000000
136	136	137
-0.1724961468	-0.1559437181	-0.9725875982	-3.0763192575
-0.9849439493	0.0387582814	0.1684731800	-3.9912702901
0.0114234897	0.9870052444	-0.1602814758	0.4318600443
0.0000000000	0.0000000000	0.0000000000	1.0000000000
137	137	138
-0.2713663879	-0.1284593937	-0.9538650154	-3.1100284230
-0.9618889744	0.0708083169	0.2641132016	-3.9831480248
0.0336137546	0.9891836869	-0.1427786716	0.4393245586
0.0000000000	0.0000000000	0.0000000000	1.0000000000
138	138	139
-0.3629381058	-0.1024117772	-0.9261683212	-3.1465023336
-0.9299257145	0.1030405454	0.3530167298	-3.9757851020
0.0592798182	0.9893909611	-0.1326326855	0.4459687233
0.0000000000	0.0000000000	0.0000000000	1.0000000000
139	139	140
-0.4459714414	-0.0933212708	-0.8901688682	-3.1752349572
-0.8914681545	0.1351648138	0.4324523126	-3.9623085861
0.0799625099	0.9864185793	-0.1434725879	0.4445704184
0.0000000000	0.0000000000	0.0000000000	1.0000000000
140	140	141
-0.5170063549	-0.0836007466	-0.8518892793	-3.1915856929
-0.8516551579	0.1501735056	0.5021268867	-3.9446353545
0.0859530169	0.9851186900	-0.1488396638	0.4435970156
0.0000000000	0.0000000000	0.0000000000	1.0000000000
141	141	142
-0.5627915403	-0.0631146284	-0.8241857957	-3.1993507036
-0.8228677133	0.1374077208	0.5513690639	-3.9162567871
0.0784500381	0.9885017258	-0.1292668928	0.4507839359
0.0000000000	0.0000000000	0.0000000000	1.0000000000
142	142	143
-0.5965876559	-0.0284843017	-0.8020422766	-3.2331112053
-0.7991314230	0.1131998844	0.5904021977	-3.7992263186
0.0739738987	0.9931638489	-0.0902963543	0.4670136220
0.0000000000	0.0000000000	0.0000000000	1.0000000000
143	143	144
-0.5995074196	-0.0254484284	-0.7999645188	-3.2498964944
-0.7985098533	0.0871067041	0.5956462341	-3.7267503263
0.0545240121	0.9958738874	-0.0725419362	0.4714865166
0.0000000000	0.0000000000	0.0000000000	1.0000000000
144	144	145
-0.6063330203	-0.0371786035	-0.7943412490	-3.2682937688
-0.7941393658	0.0801469994	0.6024276937	-3.6639764032
0.0412666473	0.9960894588	-0.0781207649	0.4706274094
0.0000000000	0.0000000000	0.0000000000	1.0000000000
145	145	146
-0.6371014889	-0.0398835710	-0.7697473570	-3.2942507683
-0.7692468466	0.0958563936	0.6317205401	-3.6070462562
0.0485899346	0.9945958237	-0.0917505623	0.4679324229
0.0000000000	0.0000000000	0.0000000000	1.0000000000
146	146	147
-0.6697946104	-0.0289954107	-0.7419800847	-3.3308431541
-0.7412025650	0.0861970263	0.6657242900	-3.5577115640
0.0446535277	0.9958560834	-0.0792257764	0.4683608917
0.0000000000	0.0000000000	0.0000000000	1.0000000000
147	147	148
-0.7032493650	-0.0150232475	-0.7107845192	-3.3798609742
-0.7094065366	0.0805284471	0.7001839294	-3.5059362390
0.0467193370	0.9966390878	-0.0672891693	0.4747718051
0.0000000000	0.0000000000	0.0000000000	1.0000000000
148	148	149
-0.7318743668	-0.0095618025	-0.6813724995	-3.4267616654
-0.6789245049	0.0960604943	0.7278969008	-3.4642823398
0.0584929727	0.9953295702	-0.0767959554	0.4809335722
0.0000000000	0.0000000000	0.0000000000	1.0000000000
149	149	150
-0.7527190249	-0.0134730173	-0.6582040318	-3.4604222292
-0.6556250119	0.1060782887	0.7475983149	-3.4324395752
0.0597487523	0.9942665007	-0.0886803932	0.4791188518
0.0000000000	0.0000000000	0.0000000000	1.0000000000
150	150	151
-0.7626434643	-0.0175316285	-0.6465814630	-3.4823506069
-0.6444284622	0.1064601550	0.7572174011	-3.4001700039
0.0555599086	0.9941623999	-0.0924890218	0.4767414017
0.0000000000	0.0000000000	0.0000000000	1.0000000000
151	151	152
-0.7614131997	-0.0248875454	-0.6477889698	-3.5104433712
-0.6459438193	0.1136463049	0.7548782019	-3.3473203172
0.0548317572	0.9932095083	-0.1026077527	0.4725119726
0.0000000000	0.0000000000	0.0000000000	1.0000000000
152	152	153
-0.7494562231	-0.0305918090	-0.6613467403	-3.5537931552
-0.6596361461	0.1197970177	0.7419762997	-3.2626410849
0.0565289699	0.9923269702	-0.1099620834	0.4636876512
0.0000000000	0.0000000000	0.0000000000	1.0000000000
153	153	154
-0.7255600227	-0.0413078718	-0.6869179814	-3.6066423535
-0.6866595187	0.1093153914	0.7187133299	-3.1698033285
0.0454021899	0.9931484305	-0.1076793213	0.4673577210
0.0000000000	0.0000000000	0.0000000000	1.0000000000
154	154	155
-0.7160284162	-0.0570576109	-0.6957353924	-3.6611342851
-0.6973331209	0.1042804894	0.7091206512	-3.0975413821
0.0320908970	0.9929098693	-0.1144559556	0.4682272031
0.0000000000	0.0000000000	0.0000000000	1.0000000000
155	155	156
-0.7301726416	-0.0591234601	-0.6806998825	-3.7375550693
-0.6827397916	0.1021031314	0.7234924516	-3.0357579326
0.0267262125	0.9930152904	-0.1149188520	0.4614222887
0.0000000000	0.0000000000	0.0000000000	1.0000000000
156	156	157
-0.7599290346	-0.0338580248	-0.6491236374	-3.8434411753
-0.6485164971	0.1070616891	0.7536339613	-2.9756733525
0.0439797157	0.9936757162	-0.1033167737	0.4626210199
0.0000000000	0.0000000000	0.0000000000	1.0000000000
157	157	158
-0.7673659808	-0.0226200671	-0.6408102559	-3.9585396696
-0.6378663749	0.1288461197	0.7592925426	-2.9155423714
0.0653906666	0.9914065816	-0.1133007092	0.4726423983
0.0000000000	0.0000000000	0.0000000000	1.0000000000
158	158	159
-0.7648566413	-0.0484164006	-0.6423785258	-4.0543511376
-0.6424137812	0.1315423233	0.7549842058	-2.8561516582
0.0479463460	0.9901275016	-0.1317143825	0.4736328479
0.0000000000	0.0000000000	0.0000000000	1.0000000000
159	159	160
-0.7603473964	-0.0526142429	-0.6473820960	-4.1380091185
-0.6482985170	0.1224904200	0.7514686486	-2.7750142039
0.0397601508	0.9910740832	-0.1272450076	0.4722090655
0.0000000000	0.0000000000	0.0000000000	1.0000000000
160	160	161
-0.7571045523	-0.0374827102	-0.6522175583	-4.2222951337
-0.6514535239	0.1181975347	0.7494248789	-2.6743325517
0.0490000319	0.9922824141	-0.1139061352	0.4756677076
0.0000000000	0.0000000000	0.0000000000	1.0000000000
161	161	162
-0.7380041668	-0.0386468824	-0.6736885544	-4.3064471998
-0.6717535865	0.1367753316	0.7280382048	-2.5822747065
0.0640075686	0.9898479313	-0.1269019465	0.4830859523
0.0000000000	0.0000000000	0.0000000000	1.0000000000
162	162	163
-0.7289067736	-0.0711220164	-0.6809086386	-4.3933617539
-0.6830486451	0.1427477002	0.7162874021	-2.4999631866
0.0462543378	0.9872004624	-0.1526295625	0.4747368485
0.0000000000	0.0000000000	0.0000000000	1.0000000000
163	163	164
-0.7232466340	-0.0763180473	-0.6863598634	-4.4815941045
-0.6898041369	0.1272316787	0.7127288073	-2.4243481445
0.0329326467	0.9889325839	-0.1446643881	0.4687412151
0.0000000000	0.0000000000	0.0000000000	1.0000000000
164	164	165
-0.7153611958	-0.0705393410	-0.6951852709	-4.5786431591
-0.6973854275	0.1343309514	0.7039948587	-2.3412400071
0.0437255654	0.9884226813	-0.1452882585	0.4704142419
0.0000000000	0.0000000000	0.0000000000	1.0000000000
165	165	166
-0.7125787803	-0.0725616604	-0.6978296979	-4.6558658376
-0.7001216038	0.1379073919	0.7005792540	-2.2657801734
0.0454006797	0.9877835576	-0.1490718672	0.4735141615
0.0000000000	0.0000000000	0.0000000000	1.0000000000
166	166	167
-0.7049889439	-0.0858601860	-0.7040018590	-4.7122515719
-0.7082514919	0.1370449380	0.6925305113	-2.1857010522
0.0370190926	0.9868367208	-0.1574257709	0.4727247350
0.0000000000	0.0000000000	0.0000000000	1.0000000000
167	167	168
-0.6770075033	-0.0879796691	-0.7306985824	-4.7561890007
-0.7354340162	0.1189701227	0.6670703993	-2.0980860721
0.0282426670	0.9889922587	-0.1452469071	0.4731488688
0.0000000000	0.0000000000	0.0000000000	1.0000000000
168	168	169
-0.6257883748	-0.1262092521	-0.7697143202	-4.8005422834
-0.7799576196	0.1106376948	0.6159751716	-1.9997472111
0.0074176523	0.9858146505	-0.1676736511	0.4771667174
0.0000000000	0.0000000000	0.0000000000	1.0000000000
169	169	170
-0.5255997100	-0.2117201995	-0.8239657165	-4.9010097593
-0.8506442655	0.1447014358	0.5054362750	-1.8628044109
0.0122179532	0.9665588713	-0.2561536063	0.4519530118
0.0000000000	0.0000000000	0.0000000000	1.0000000000
170	170	171
-0.5314135236	-0.2303209464	-0.8152005450	-4.9674467774
-0.8469015896	0.1659249720	0.5051995656	-1.7993792356
0.0189040856	0.9588645187	-0.2832339496	0.4285076739
0.0000000000	0.0000000000	0.0000000000	1.0000000000
171	171	172
-0.5476394586	-0.2339421481	-0.8033443189	-5.0125894584
-0.8356930592	0.2003560824	0.5113458233	-1.7469270512
0.0413295802	0.9513824213	-0.3052267259	0.4146915081
0.0000000000	0.0000000000	0.0000000000	1.0000000000
172	172	173
-0.5397174541	-0.2488873545	-0.8042139980	-5.0347584154
-0.8411103401	0.1993595913	0.5027814128	-1.7020902809
0.0351918383	0.9477926135	-0.3169395785	0.4108900705
0.0000000000	0.0000000000	0.0000000000	1.0000000000
173	173	174
-0.5047778336	-0.2647749733	-0.8216407683	-5.0601309914
-0.8617964598	0.2097616425	0.4618516161	-1.6206690293
0.0500619678	0.9412195636	-0.3340651621	0.4014116780
0.0000000000	0.0000000000	0.0000000000	1.0000000000
174	174	175
-0.4671009008	-0.2649240298	-0.8435828394	-5.0762967915
-0.8801939926	0.2300774855	0.4151179183	-1.5367679914
0.0841147067	0.9364185011	-0.3406539402	0.3977011172
0.0000000000	0.0000000000	0.0000000000	1.0000000000
175	175	176
-0.4349873321	-0.2498139737	-0.8650890124	-5.0993580522
-0.8951330546	0.2240914031	0.3853827417	-1.4696559164
0.0975850165	0.9420063809	-0.3210936670	0.4027359334
0.0000000000	0.0000000000	0.0000000000	1.0000000000
176	176	177
-0.4237631222	-0.2197413690	-0.8787141441	-5.1437453908
-0.8996151744	0.2150364595	0.3800682296	-1.4156513787
0.1054388653	0.9515634776	-0.2888071915	0.4087475547
0.0000000000	0.0000000000	0.0000000000	1.0000000000
177	177	178
-0.4384207145	-0.1801161804	-0.8805370172	-5.2048212586
-0.8938677865	0.1895666197	0.4062817703	-1.3666245278
0.0937425052	0.9652060185	-0.2441099844	0.4170845271
0.0000000000	0.0000000000	0.0000000000	1.0000000000
178	178	179
-0.4782515222	-0.1282488843	-0.8688082097	-5.2702884606
-0.8737051174	0.1696965691	0.4558974032	-1.3161631672
0.0889654391	0.9771158059	-0.1932093490	0.4345303321
0.0000000000	0.0000000000	0.0000000000	1.0000000000
179	179	180
-0.5123118361	-0.0767610360	-0.8553621023	-5.3275965245
-0.8520058611	0.1704601941	0.4950043786	-1.2723708046
0.1078081411	0.9823701266	-0.1527296276	0.4536128945
0.0000000000	0.0000000000	0.0000000000	1.0000000000
180	180	181
-0.5163627298	-0.0412428148	-0.8553762690	-5.3701004695
-0.8492296612	0.1533763921	0.5052570285	-1.2363067898
0.1103563040	0.9873067976	-0.1142224741	0.4720235718
0.0000000000	0.0000000000	0.0000000000	1.0000000000
181	181	182
-0.5226156470	-0.0252375706	-0.8521947844	-5.4044868463
-0.8462226082	0.1370840575	0.5148934439	-1.1929313789
0.1038276592	0.9902378635	-0.0929988762	0.4848908528
0.0000000000	0.0000000000	0.0000000000	1.0000000000
182	182	183
-0.5117872053	-0.0285686344	-0.8586371117	-5.4318613676
-0.8541579332	0.1241008697	0.5049883160	-1.1447055424
0.0921307857	0.9918582597	-0.0879153630	0.4855543793
0.0000000000	0.0000000000	0.0000000000	1.0000000000
183	183	184
-0.5173192786	-0.0258101896	-0.8554031787	-5.4573791601
-0.8526753692	0.1007792877	0.5126287642	-1.0939807611
0.0729758775	0.9945739637	-0.0741427813	0.4951066142
0.0000000000	0.0000000000	0.0000000000	1.0000000000
184	184	185
-0.5383937531	-0.0221646848	-0.8424018598	-5.4897450749
-0.8411089584	0.0754065597	0.5355833929	-1.0418056345
0.0516515890	0.9969065039	-0.0592413356	0.5072068505
0.0000000000	0.0000000000	0.0000000000	1.0000000000
185	185	186
-0.5630588612	-0.0042520385	-0.8264058561	-5.5371992084
-0.8251360716	0.0585430231	0.5618924966	-0.9883337667
0.0459911086	0.9982758309	-0.0364716782	0.5175706152
0.0000000000	0.0000000000	0.0000000000	1.0000000000
186	186	187
-0.5825288700	0.0158539962	-0.8126553799	-5.6029963374
-0.8106503079	0.0615039013	0.5822914634	-0.9247994678
0.0592131229	0.9979809221	-0.0229757512	0.5207847508
0.0000000000	0.0000000000	0.0000000000	1.0000000000
187	187	188
-0.5884775406	0.0357484213	-0.8077228699	-5.6756229588
-0.8054031328	0.0616270439	0.5895149711	-0.8596576548
0.0708518023	0.9974588502	-0.0074742407	0.5309125269
0.0000000000	0.0000000000	0.0000000000	1.0000000000
188	188	189
-0.5957612637	0.0472622561	-0.8017697898	-5.7409290753
-0.7982880949	0.0749594915	0.5975928315	-0.7907168306
0.0883438412	0.9960659385	-0.0069290650	0.5392358052
0.0000000000	0.0000000000	0.0000000000	1.0000000000
189	189	190
-0.5973032545	0.0435130914	-0.8008342107	-5.7955044533
-0.7982915838	0.0638558976	0.5988764243	-0.7143815118
0.0771969520	0.9970100477	-0.0034052008	0.5415071915
0.0000000000	0.0000000000	0.0000000000	1.0000000000
190	190	191
-0.5754740980	0.0506384070	-0.8162507667	-5.8398152161
-0.8159865894	0.0312414833	0.5772260005	-0.6227316892
0.0547306899	0.9982282913	0.0233415966	0.5485413477
0.0000000000	0.0000000000	0.0000000000	1.0000000000
191	191	192
-0.5494405716	0.0642230055	-0.8330609004	-5.8842803815
-0.8347640391	0.0005666736	0.5506075535	-0.5287063822
0.0358337456	0.9979354110	0.0532997020	0.5706409186
0.0000000000	0.0000000000	0.0000000000	1.0000000000
192	192	193
-0.5423247907	0.0777876748	-0.8365601587	-5.9376188544
-0.8392170714	-0.0027714906	0.5437895052	-0.4474644827
0.0399816026	0.9969660960	0.0667837927	0.5823710144
0.0000000000	0.0000000000	0.0000000000	1.0000000000
193	193	194
-0.5527796206	0.1076514835	-0.8263448730	-6.0007063621
-0.8307194259	0.0072058191	0.5566446907	-0.3665097630
0.0658781184	0.9941625794	0.0854449486	0.5859094273
0.0000000000	0.0000000000	0.0000000000	1.0000000000
194	194	195
-0.5983387271	0.1290320691	-0.7907853646	-6.0740136583
-0.7984816664	-0.0141527680	0.6018527457	-0.2726277554
0.0664665033	0.9915394215	0.1114978908	0.5945405139
0.0000000000	0.0000000000	0.0000000000	1.0000000000
195	195	196
-0.6391989533	0.1470159526	-0.7548582700	-6.1478643824
-0.7641003489	-0.0103210837	0.6450148308	-0.1771139251
0.0870365144	0.9890802722	0.1189321665	0.6118787329
0.0000000000	0.0000000000	0.0000000000	1.0000000000
196	196	197
-0.6738256164	0.1156786953	-0.7297790612	-6.2047078746
-0.7343673822	0.0042686608	0.6787387764	-0.0859786329
0.0816307954	0.9932775131	0.0820743276	0.6042533426
0.0000000000	0.0000000000	0.0000000000	1.0000000000
197	197	198
-0.6893180168	0.0855419266	-0.7193908886	-6.2483192317
-0.7207413551	0.0194932406	0.6929299478	0.0131796916
0.0732978224	0.9961438613	0.0482165621	0.5836717885
0.0000000000	0.0000000000	0.0000000000	1.0000000000
198	198	199
-0.7001051136	0.0709318312	-0.7105079206	-6.2965537345
-0.7110174204	0.0222032725	0.7028237635	0.1295430331
0.0656281775	0.9972340197	0.0348891430	0.5786716939
0.0000000000	0.0000000000	0.0000000000	1.0000000000
199	199	200
-0.7269059979	0.0564148531	-0.6844158345	-6.3323112823
-0.6847644307	0.0159400499	0.7285901381	0.2343941492
0.0520129281	0.9982801607	0.0270439669	0.5788601331
0.0000000000	0.0000000000	0.0000000000	1.0000000000
200	200	201
-0.7044020329	0.0359994301	-0.7088877323	-6.3659629528
-0.7087701102	0.0181387351	0.7052062940	0.3244123006
0.0382453515	0.9991871833	0.0127383582	0.5710810372
0.0000000000	0.0000000000	0.0000000000	1.0000000000
201	201	202
-0.6355270937	0.0196717769	-0.7718279176	-6.3970670781
-0.7716752069	0.0161255659	0.6358123474	0.3873977663
0.0249537206	0.9996764413	0.0049319885	0.5573942907
0.0000000000	0.0000000000	0.0000000000	1.0000000000
202	202	203
-0.5153828995	0.0032139438	-0.8569539879	-6.4269995152
-0.8563304176	0.0363936237	0.5151443681	0.4250151164
0.0328433060	0.9993323645	-0.0160044535	0.5543857228
0.0000000000	0.0000000000	0.0000000000	1.0000000000
203	203	204
-0.3855435517	0.0067380456	-0.9226650359	-6.4482858459
-0.9217676773	0.0418786907	0.3854744147	0.4605124432
0.0412373478	0.9990999820	-0.0099351465	0.5630610111
0.0000000000	0.0000000000	0.0000000000	1.0000000000
204	204	205
-0.1939037418	0.0033369291	-0.9810148846	-6.4465966139
-0.9809554266	0.0108635415	0.1939289420	0.4850369535
0.0113044230	0.9999354221	0.0011668973	0.5745229263
0.0000000000	0.0000000000	0.0000000000	1.0000000000
205	205	206
-0.0036732143	-0.0065116581	-0.9999720525	-6.4557094281
-0.9998873665	-0.0145279100	0.0037675066	0.5032696905
-0.0145520366	0.9998732610	-0.0064575606	0.5801803328
0.0000000000	0.0000000000	0.0000000000	1.0000000000
206	206	207
0.1332370902	-0.0272288700	-0.9907100819	-6.4738387586
-0.9909061287	-0.0226079359	-0.1326420949	0.5158601650
-0.0187862156	0.9993735387	-0.0299934698	0.5782756870
0.0000000000	0.0000000000	0.0000000000	1.0000000000
207	207	208
0.2157669890	-0.0440454775	-0.9754509738	-6.4945183371
-0.9762307194	-0.0306523503	-0.2145553914	0.5221348118
-0.0204496703	0.9985591767	-0.0496123136	0.5711380833
0.0000000000	0.0000000000	0.0000000000	1.0000000000
208	208	209
0.2835873608	-0.0768069067	-0.9558655281	-6.5092615124
-0.9589463146	-0.0222797783	-0.2827111196	0.5303427140
0.0004176945	0.9967970258	-0.0799719637	0.5602072108
0.0000000000	0.0000000000	0.0000000000	1.0000000000
209	209	210
0.3378183026	-0.0680462024	-0.9387483735	-6.5152346238
-0.9406817132	-0.0578641550	-0.3343196884	0.5349565584
-0.0315706962	0.9960027379	-0.0835573888	0.5487976976
0.0000000000	0.0000000000	0.0000000000	1.0000000000
210	210	211
0.3616979041	-0.0525679636	-0.9308121375	-6.5086623265
-0.9309781349	-0.0734202115	-0.3576159740	0.5378169134
-0.0495412805	0.9959146960	-0.0754955613	0.5491682214
0.0000000000	0.0000000000	0.0000000000	1.0000000000
211	211	212
0.3586768322	-0.0797532117	-0.9300485768	-6.5071318261
-0.9313896651	-0.0969270451	-0.3508823729	0.5373627313
-0.0621628642	0.9920910105	-0.1090468026	0.5406858558
0.0000000000	0.0000000000	0.0000000000	1.0000000000
212	212	213
0.3535131388	-0.1390764495	-0.9250330815	-6.5156211658
-0.9338632005	-0.1096741857	-0.3403984367	0.5296684940
-0.0541108440	0.9841896739	-0.1686496439	0.5249220170
0.0000000000	0.0000000000	0.0000000000	1.0000000000
213	213	214
0.3538125972	-0.2180673362	-0.9095401492	-6.5260727214
-0.9338517283	-0.1367604248	-0.3304807645	0.5257860720
-0.0523220372	0.9663038979	-0.2520301199	0.5065095155
0.0000000000	0.0000000000	0.0000000000	1.0000000000
214	214	215
0.3577280225	-0.2999521897	-0.8843411931	-6.5356095621
-0.9328847582	-0.1572938270	-0.3240133945	0.5260049203
-0.0419128835	0.9408970910	-0.3360892357	0.4849330616
0.0000000000	0.0000000000	0.0000000000	1.0000000000
215	215	216
0.3799696821	-0.3670965405	-0.8490366133	-6.5397320067
-0.9235302410	-0.2022598779	-0.3258570788	0.5253763495
-0.0521050354	0.9079267987	-0.4158773780	0.4589336682
0.0000000000	0.0000000000	0.0000000000	1.0000000000
216	216	217
0.3908972070	-0.4402835873	-0.8083005235	-6.5440510130
-0.9196351913	-0.2234069737	-0.3230486636	0.5244450864
-0.0383469493	0.8696204269	-0.4922294430	0.4307827275
0.0000000000	0.0000000000	0.0000000000	1.0000000000
217	217	218
0.3990743197	-0.4799344250	-0.7812826857	-6.5444756940
-0.9155054949	-0.2558492236	-0.3104687804	0.5225772429
-0.0508859130	0.8391687092	-0.5414854582	0.4045585917
0.0000000000	0.0000000000	0.0000000000	1.0000000000
218	218	219
0.4037274734	-0.5089806897	-0.7602254828	-6.5409003463
-0.9131956368	-0.2745843321	-0.3011265073	0.5193005412
-0.0554784291	0.8158076379	-0.5756561837	0.3823077685
0.0000000000	0.0000000000	0.0000000000	1.0000000000
219	219	220
0.3968864465	-0.4881917660	-0.7772708332	-6.5356678346
-0.9161933297	-0.2618359111	-0.3033673323	0.5171825310
-0.0554159831	0.8325327352	-0.5511971640	0.3780314498
0.0000000000	0.0000000000	0.0000000000	1.0000000000
220	220	221
0.3666176242	-0.4113188291	-0.8345108378	-6.5276207647
-0.9294877569	-0.2010189523	-0.3092634647	0.5173280777
-0.0405466081	0.8890490434	-0.4560129066	0.4005661253
0.0000000000	0.0000000000	0.0000000000	1.0000000000
221	221	222
0.3415355264	-0.3050153360	-0.8889989477	-6.5173217602
-0.9393375689	-0.1425754151	-0.3119570204	0.5162064430
-0.0315977185	0.9416145155	-0.3352069336	0.4297762025
0.0000000000	0.0000000000	0.0000000000	1.0000000000
222	222	223
0.3067316372	-0.2190080930	-0.9262565292	-6.5115538016
-0.9517275970	-0.0822442986	-0.2957202334	0.5192916827
-0.0114141942	0.9722506521	-0.2336629744	0.4574192035
0.0000000000	0.0000000000	0.0000000000	1.0000000000
223	223	224
0.2615605593	-0.1199269259	-0.9577074743	-6.5002658777
-0.9651778685	-0.0281673076	-0.2600736145	0.5274992186
0.0042137881	0.9923830587	-0.1231182714	0.4820003937
0.0000000000	0.0000000000	0.0000000000	1.0000000000
224	224	225
0.1681108573	-0.0394678826	-0.9849776779	-6.5009946551
-0.9848243668	0.0369875082	-0.1695667739	0.5406112305
0.0431243115	0.9985360336	-0.0326509307	0.5018097187
0.0000000000	0.0000000000	0.0000000000	1.0000000000
225	225	226
0.0585024936	0.0207962086	-0.9980706267	-6.5235912161
-0.9922682757	0.1108337063	-0.0558530088	0.5583455015
0.1094583359	0.9936213601	0.0271194663	0.5185842757
0.0000000000	0.0000000000	0.0000000000	1.0000000000
226	226	227
-0.0549461977	0.0701077449	-0.9960250095	-6.5656983918
-0.9798873011	0.1878678911	0.0672795110	0.5716120466
0.1918379328	0.9796890117	0.0583750626	0.5261347926
0.0000000000	0.0000000000	0.0000000000	1.0000000000
227	227	228
-0.1256200453	0.1068170135	-0.9863111729	-6.6103889052
-0.9464811130	0.2850377465	0.1514165967	0.5844481250
0.2973097827	0.9525458565	0.0652938312	0.5324781065
0.0000000000	0.0000000000	0.0000000000	1.0000000000
228	228	229
-0.1439777722	0.1442549707	-0.9790101657	-6.6442176169
-0.9146374177	0.3582690892	0.1873009711	0.5885849764
0.3777681765	0.9224065064	0.0803582086	0.5327303657
0.0000000000	0.0000000000	0.0000000000	1.0000000000
229	229	230
-0.1282310907	0.1460229251	-0.9809353153	-6.6608438286
-0.9061888891	0.3846363532	0.1757173101	0.6018956532
0.4029621380	0.9114451060	0.0830020132	0.5316622681
0.0000000000	0.0000000000	0.0000000000	1.0000000000
230	230	231
0.0030462177	0.0719089967	-0.9974065454	-6.6542077382
-0.9092418845	0.4153805117	0.0271703121	0.6125284408
0.4162570311	0.9068010403	0.0666480111	0.5342210549
0.0000000000	0.0000000000	0.0000000000	1.0000000000
231	231	232
0.1457418276	-0.0391344733	-0.9885483360	-6.6436447602
-0.8902806744	0.4305895241	-0.1483003121	0.6505157622
0.4314622122	0.9016990378	0.0279142389	0.5201463917
0.0000000000	0.0000000000	0.0000000000	1.0000000000
232	232	233
0.2736139861	-0.1104620677	-0.9554755456	-6.6090121651
-0.8580989244	0.4207292046	-0.2943691090	0.6999322136
0.4345130868	0.9004360432	0.0203300132	0.5132878544
0.0000000000	0.0000000000	0.0000000000	1.0000000000
233	233	234
0.3823829606	-0.2063892966	-0.9006590530	-6.5860497027
-0.7938405795	0.4254470607	-0.4345249508	0.7097062575
0.4728640458	0.8811346417	-0.0011564922	0.5058789782
0.0000000000	0.0000000000	0.0000000000	1.0000000000
234	234	235
0.4154045501	-0.2644224690	-0.8703561441	-6.5847531114
-0.7481676062	0.4448983687	-0.4922506216	0.7111614589
0.5173821535	0.8556554210	-0.0130195189	0.4953782636
0.0000000000	0.0000000000	0.0000000000	1.0000000000
235	235	236
0.3771725379	-0.2449267624	-0.8931695011	-6.6084682638
-0.7420598108	0.4971237980	-0.4496834072	0.7331680405
0.5541553157	0.8323934229	0.0057511375	0.4878950211
0.0000000000	0.0000000000	0.0000000000	1.0000000000
236	236	237
0.2320456923	-0.1580481214	-0.9597789266	-6.6520790106
-0.7847354909	0.5526151352	-0.2807253491	0.7670994680
0.5747564753	0.8183136952	0.0042059915	0.4797699451
0.0000000000	0.0000000000	0.0000000000	1.0000000000
237	237	238
0.0394845022	-0.0431961710	-0.9982860637	-6.7096041273
-0.8191082160	0.5707904942	-0.0570959027	0.8048345759
0.5722785200	0.8199587200	-0.0128449600	0.4727458141
0.0000000000	0.0000000000	0.0000000000	1.0000000000
238	238	239
-0.1488373980	0.0736554959	-0.9861147483	-6.7643850164
-0.8212432938	0.5462738254	0.1647554554	0.8473526589
0.5508238206	0.8343618973	-0.0208168927	0.4745737907
0.0000000000	0.0000000000	0.0000000000	1.0000000000
239	239	240
-0.3207513745	0.1523280308	-0.9348340638	-6.8021034115
-0.7895229134	0.5022299615	0.3527302583	0.9126550644
0.5232323815	0.8512116287	-0.0408244798	0.4763820598
0.0000000000	0.0000000000	0.0000000000	1.0000000000
240	240	241
-0.4549190270	0.2254622668	-0.8615192657	-6.8324823605
-0.7409043682	0.4409087714	0.5066163958	1.0097468365
0.4940742820	0.8687728251	-0.0335318109	0.4768954869
0.0000000000	0.0000000000	0.0000000000	1.0000000000
241	241	242
-0.5813909777	0.2416625485	-0.7769065218	-6.8696275817
-0.7020642032	0.3335853093	0.6291475947	1.1318770271
0.4112060135	0.9112189935	-0.0242808646	0.4763264526
0.0000000000	0.0000000000	0.0000000000	1.0000000000
242	242	243
-0.6890520422	0.2169273873	-0.6914837610	-6.9181277770
-0.6562730502	0.2179837567	0.7223494759	1.2514719733
0.3074296125	0.9515385386	-0.0078385545	0.4902438390
0.0000000000	0.0000000000	0.0000000000	1.0000000000
243	243	244
-0.7643576920	0.1821345102	-0.6185340240	-6.9832472273
-0.5977829076	0.1593985969	0.7856511202	1.3768378084
0.2416876375	0.9702675443	-0.0129606465	0.4923895157
0.0000000000	0.0000000000	0.0000000000	1.0000000000
244	244	245
-0.8129126401	0.1633284081	-0.5590141954	-7.0615458044
-0.5446122981	0.1268677982	0.8290367944	1.5026706393
0.2063261600	0.9783804950	-0.0141817771	0.4938134818
0.0000000000	0.0000000000	0.0000000000	1.0000000000
245	245	246
-0.8362086768	0.1616223611	-0.5240546357	-7.1265134270
-0.5142055201	0.1011339794	0.8516833927	1.6067894588
0.1906508116	0.9816568293	-0.0014620008	0.5047827585
0.0000000000	0.0000000000	0.0000000000	1.0000000000
246	246	247
-0.8663294814	0.1290129908	-0.4825234480	-7.1729727827
-0.4719321553	0.1049282805	0.8753685491	1.7122352037
0.1635642703	0.9860759120	-0.0300170840	0.5039504006
0.0000000000	0.0000000000	0.0000000000	1.0000000000
247	247	248
-0.8843269782	0.0933319686	-0.4574439192	-7.2149892250
-0.4499322198	0.0911377603	0.8884001949	1.8325020584
0.1246065534	0.9914550178	-0.0386025203	0.4957799908
0.0000000000	0.0000000000	0.0000000000	1.0000000000
248	248	249
-0.8903289205	0.0566377220	-0.4517815641	-7.2624130145
-0.4476602244	0.0723251414	0.8912740305	1.9598755376
0.0831548962	0.9957716819	-0.0390387097	0.5017427152
0.0000000000	0.0000000000	0.0000000000	1.0000000000
249	249	250
-0.8928198465	0.0174919180	-0.4500741656	-7.3240758841
-0.4473991949	0.0809786989	0.8906606597	2.0963836483
0.0520257835	0.9965623328	-0.0644735195	0.5057225570
0.0000000000	0.0000000000	0.0000000000	1.0000000000
250	250	251
-0.8875903597	0.0053563098	-0.4606025003	-7.4093505429
-0.4585559558	0.0845908922	0.8846303275	2.2462260778
0.0437011305	0.9964013704	-0.0726258926	0.4967954249
0.0000000000	0.0000000000	0.0000000000	1.0000000000
251	251	252
-0.8908653335	0.0002389573	-0.4542674327	-7.5056256402
-0.4525775019	0.0857113082	0.8875962914	2.3935648778
0.0391479535	0.9963199860	-0.0762490865	0.5041105781
0.0000000000	0.0000000000	0.0000000000	1.0000000000
252	252	253
-0.8918233434	0.0045165486	-0.4523612770	-7.5874408857
-0.4493444696	0.1068736592	0.8869428215	2.5437892032
0.0523514253	0.9942623506	-0.0932829379	0.5087874317
0.0000000000	0.0000000000	0.0000000000	1.0000000000
253	253	254
-0.8848042317	-0.0052375926	-0.4659335137	-7.6589710417
-0.4641879609	0.0971034882	0.8803978927	2.7026674795
0.0406326040	0.9952605087	-0.0883488047	0.4944095637
0.0000000000	0.0000000000	0.0000000000	1.0000000000
254	254	255
-0.8751843639	-0.0111847604	-0.4836602427	-7.7338442944
-0.4824640983	0.0941308769	0.8708431385	2.8726817664
0.0357871909	0.9954970011	-0.0877781170	0.5037168754
0.0000000000	0.0000000000	0.0000000000	1.0000000000
255	255	256
-0.8657753662	-0.0153319099	-0.5001979087	-7.8311171762
-0.4992667766	0.0946568571	0.8612623092	3.0354833770
0.0341423658	0.9953918886	-0.0896062884	0.5035325250
0.0000000000	0.0000000000	0.0000000000	1.0000000000
256	256	257
-0.8766678304	0.0010620492	-0.4810949878	-7.9534657850
-0.4789992995	0.0913360620	0.8730506256	3.2026297070
0.0448685443	0.9958195599	-0.0795626665	0.4901290498
0.0000000000	0.0000000000	0.0000000000	1.0000000000
257	257	258
-0.9042830864	-0.0096774081	-0.4268236725	-8.0893505850
-0.4259920185	0.0868051795	0.9005529751	3.3625945008
0.0283354868	0.9961783016	-0.0826189542	0.4981077830
0.0000000000	0.0000000000	0.0000000000	1.0000000000
258	258	259
-0.9283136058	0.0151560512	-0.3714890893	-8.2140984433
-0.3679927593	0.1051338997	0.9238658952	3.5188465378
0.0530582554	0.9943425754	-0.0920199124	0.5036046800
0.0000000000	0.0000000000	0.0000000000	1.0000000000
259	259	260
-0.9462404434	0.0077621913	-0.3233709506	-8.3439231523
-0.3211996372	0.0955378372	0.9421800861	3.6781193680
0.0382075433	0.9953955345	-0.0879085524	0.4888248493
0.0000000000	0.0000000000	0.0000000000	1.0000000000
260	260	261
-0.9677287222	0.0344001269	-0.2496352368	-8.4613509667
-0.2449791583	0.1036895291	0.9639676828	3.8156507942
0.0590451707	0.9940146442	-0.0919160214	0.5029244386
0.0000000000	0.0000000000	0.0000000000	1.0000000000
261	261	262
-0.9849116109	-0.0134226918	-0.1725368079	-8.5866976976
-0.1730447030	0.0888078299	0.9809019829	3.9408036827
0.0021562745	0.9959583328	-0.0897905885	0.5105385366
0.0000000000	0.0000000000	0.0000000000	1.0000000000
262	262	263
-0.9972608128	-0.0078428107	-0.0735483626	-8.7300579135
-0.0739465774	0.0833214213	0.9937753491	4.0707081381
-0.0016658378	0.9964918620	-0.0836731373	0.5043579729
0.0000000000	0.0000000000	0.0000000000	1.0000000000
263	263	264
-0.9996367968	0.0251648387	0.0096439317	-8.8763151773
0.0118058411	0.0872270413	0.9961184997	4.2042486029
0.0242259498	0.9958705609	-0.0874924522	0.5214145675
0.0000000000	0.0000000000	0.0000000000	1.0000000000
264	264	265
-0.9980791060	-0.0002064922	0.0619520421	-8.9703521975
0.0616701459	0.0920334741	0.9938443705	4.3038445007
-0.0059068827	0.9957558923	-0.0918439532	0.5286267244
0.0000000000	0.0000000000	0.0000000000	1.0000000000
265	265	266
-0.9916231190	-0.0128275219	0.1285264354	-9.0349580145
0.1267721502	0.0939898302	0.9874688520	4.4058965056
-0.0247469562	0.9954905155	-0.0915763161	0.5215313367
0.0000000000	0.0000000000	0.0000000000	1.0000000000
266	266	267
-0.9851295248	-0.0001534061	0.1718132585	-9.0737781665
0.1706375280	0.1159172348	0.9784917111	4.4860745079
-0.0200662244	0.9932588641	-0.1141673136	0.5247180695
0.0000000000	0.0000000000	0.0000000000	1.0000000000
267	267	268
-0.9650708106	-0.1297078905	0.2276273133	-9.1937197132
0.2082972368	0.1471027075	0.9669400471	4.6872371645
-0.1589043479	0.9805797553	-0.1149467340	0.5255632099
0.0000000000	0.0000000000	0.0000000000	1.0000000000
268	268	269
-0.9450869945	-0.2030528171	0.2560861697	-9.2459636963
0.2173745039	0.1945716828	0.9564989207	4.7750471394
-0.2440469174	0.9596412943	-0.1397486615	0.5226673438
0.0000000000	0.0000000000	0.0000000000	1.0000000000
269	269	270
-0.9521860426	-0.1929241033	0.2369008880	-9.3607621349
0.1471263546	0.3900248017	0.9089744165	4.9862255263
-0.2677602961	0.9003671165	-0.3429919524	0.4536232661
0.0000000000	0.0000000000	0.0000000000	1.0000000000
270	270	271
-0.9775643331	-0.1004315081	0.1851526042	-9.3825190162
0.1766656718	0.0877476033	0.9803517729	5.1100787524
-0.1147049042	0.9910670362	-0.0680361274	0.5276708918
0.0000000000	0.0000000000	0.0000000000	1.0000000000
271	271	272
-0.9990564699	-0.0375777680	-0.0217734102	-9.3998957390
-0.0237349992	0.0525694731	0.9983351643	5.3380220416
-0.0363705905	0.9979099969	-0.0534117805	0.5502668631
0.0000000000	0.0000000000	0.0000000000	1.0000000000
272	272	273
-0.9803053107	-0.0273889756	-0.1955795027	-9.4583217939
-0.1959229766	0.0104491021	0.9805636152	5.7417582175
-0.0248130028	0.9995702378	-0.0156094399	0.5705557656
0.0000000000	0.0000000000	0.0000000000	1.0000000000
273	273	274
-0.8890906957	-0.0321346954	-0.4566016821	-9.5494596651
-0.4570290872	0.0070974482	0.8894234311	6.1571260036
-0.0253406442	0.9994583471	-0.0209967657	0.5781638896
0.0000000000	0.0000000000	0.0000000000	1.0000000000
274	274	275
-0.7022658250	-0.0131449393	-0.7117934544	-9.6806180058
-0.7117607488	0.0337640226	0.7016100251	6.3919070896
0.0148103891	0.9993433851	-0.0330673710	0.5701989182
0.0000000000	0.0000000000	0.0000000000	1.0000000000
275	275	276
0.4217084666	-0.4949699237	-0.7597149096	-10.2309414999
-0.8859301105	-0.0464842500	-0.4614835358	6.9566266801
0.1931056927	0.8676658280	-0.4581115610	0.4255461140
0.0000000000	0.0000000000	0.0000000000	1.0000000000
276	276	277
-0.0185889547	-0.0281334389	-0.9994313185	-10.4764952788
-0.9845079791	0.1748277576	0.0133900829	7.1492874590
0.1743516272	0.9841970152	-0.0309474603	0.5050581732
0.0000000000	0.0000000000	0.0000000000	1.0000000000
277	277	278
-0.2038945602	0.0177264125	-0.9788323568	-10.6155773335
-0.9712509398	0.1218298596	0.2045216304	7.4123764567
0.1228764433	0.9923926943	-0.0076236508	0.5186180345
0.0000000000	0.0000000000	0.0000000000	1.0000000000
278	278	279
-0.2299893769	0.0287971279	-0.9727669875	-10.8222811998
-0.9674690382	0.1014874191	0.2317411572	7.6746669943
0.1053970907	0.9944199461	0.0045193013	0.5226456132
0.0000000000	0.0000000000	0.0000000000	1.0000000000
279	279	280
0.3225338998	-0.1717310987	-0.9308492430	-11.1273942494
-0.9465376724	-0.0649462164	-0.3159880119	7.8669515043
-0.0061901679	0.9830007216	-0.1834973109	0.4980132470
0.0000000000	0.0000000000	0.0000000000	1.0000000000
280	280	281
0.3136971822	-0.1404593947	-0.9390768000	-11.1192443312
-0.9495011727	-0.0396849465	-0.3112436797	7.8684419122
0.0064498863	0.9892907881	-0.1458154159	0.5092008918
0.0000000000	0.0000000000	0.0000000000	1.0000000000
281	281	282
0.2959152642	-0.0246380830	-0.9548963930	-11.1069677732
-0.9550646081	0.0100594167	-0.2962269442	7.8656479015
0.0169041648	0.9996458238	-0.0205542261	0.5629480607
0.0000000000	0.0000000000	0.0000000000	1.0000000000
282	282	283
0.2814225954	0.1524751295	-0.9473925573	-11.0757035529
-0.9586400039	0.0884540014	-0.2705276927	7.8899704643
0.0425519176	0.9843410103	0.1710617134	0.6540989261
0.0000000000	0.0000000000	0.0000000000	1.0000000000
283	283	284
0.2812146769	0.1566370852	-0.9467751206	-11.0721343259
-0.9585981642	0.0919182464	-0.2695191934	7.8927239839
0.0448092080	0.9833696454	0.1760007823	0.6625528526
0.0000000000	0.0000000000	0.0000000000	1.0000000000
284	284	285
0.2811827531	0.1569349161	-0.9467352806	-11.0700063827
-0.9585581596	0.0930677811	-0.2692668618	7.8947968133
0.0458531795	0.9832140256	0.1766002993	0.6689633104
0.0000000000	0.0000000000	0.0000000000	1.0000000000
285	285	286
0.2904026621	0.0897454971	-0.9526867479	-11.0839934910
-0.9563237777	0.0619007895	-0.2856801088	7.8908282496
0.0333335585	0.9940392538	0.1038019069	0.6494268021
0.0000000000	0.0000000000	0.0000000000	1.0000000000
286	286	287
0.2919401466	-0.0257468920	-0.9560899792	-11.0886018918
-0.9562125854	0.0137767170	-0.2923485824	7.8844311814
0.0206988484	0.9995735589	-0.0205975254	0.5963765105
0.0000000000	0.0000000000	0.0000000000	1.0000000000
287	287	288
0.2845909422	-0.1347544502	-0.9491307780	-11.1027366319
-0.9586107956	-0.0488469764	-0.2804983341	7.8778718372
-0.0085637699	0.9896742954	-0.1430784778	0.5191480027
0.0000000000	0.0000000000	0.0000000000	1.0000000000
288	288	289
0.2929857473	-0.2245038629	-0.9293854784	-11.1183790675
-0.9557475284	-0.0957823035	-0.2781589693	7.8714362886
-0.0265709188	0.9697544874	-0.2426318618	0.4662320637
0.0000000000	0.0000000000	0.0000000000	1.0000000000
289	289	290
0.3501780131	-0.4504329256	-0.8212706854	-11.0667021707
-0.9361739837	-0.1972085433	-0.2910104167	7.9083920568
-0.0308809221	0.8707576988	-0.4907416822	0.3356609585
0.0000000000	0.0000000000	0.0000000000	1.0000000000
290	290	291
-0.8295425121	-0.0419832998	-0.5568631997	-11.3180616685
-0.5572552580	0.1272488300	0.8205329443	8.5328522445
0.0364115100	0.9909819059	-0.1289537287	0.4196824947
0.0000000000	0.0000000000	0.0000000000	1.0000000000
291	291	292
-0.9340510482	-0.0108948738	-0.3569733057	-11.5051433919
-0.3559772792	0.1089742633	0.9281189507	9.0266576728
0.0287891641	0.9939848649	-0.1056658524	0.4419314966
0.0000000000	0.0000000000	0.0000000000	1.0000000000
292	292	293
-0.9196700758	-0.0074165645	-0.3926218871	-12.0426558916
-0.3904799955	0.1232420417	0.9123249269	10.1440308809
0.0416212063	0.9923489274	-0.1162380379	0.4535316017
0.0000000000	0.0000000000	0.0000000000	1.0000000000
293	293	294
-0.8985506136	-0.0325728079	-0.4376594646	-12.4738654476
-0.4378357769	0.1349524169	0.8888687629	10.9854387169
0.0301102510	0.9903165440	-0.1355231176	0.4677303121
0.0000000000	0.0000000000	0.0000000000	1.0000000000
294	294	295
-0.8745264470	-0.0558748016	-0.4817483783	-12.6474926387
-0.4848420590	0.1242298314	0.8657338661	11.3694006763
0.0114748118	0.9906790376	-0.1357327269	0.4614082083
0.0000000000	0.0000000000	0.0000000000	1.0000000000
295	295	296
-0.7199714233	-0.0910462683	-0.6880056153	-13.0627649211
-0.6937301967	0.1222455905	0.7097847770	12.1008422029
0.0194823975	0.9883150270	-0.1511748774	0.4815756207
0.0000000000	0.0000000000	0.0000000000	1.0000000000
296	296	297
-0.5503894601	-0.1135799720	-0.8271463185	-13.1928100990
-0.8345176336	0.1051328587	0.5408580232	12.3481151791
0.0255296179	0.9879507437	-0.1526485068	0.4868966475
0.0000000000	0.0000000000	0.0000000000	1.0000000000
297	297	298
-0.3894895236	-0.1192226397	-0.9132819243	-13.2874195703
-0.9195358950	0.1068101223	0.3782133466	12.5390314332
0.0524561605	0.9871056478	-0.1512309203	0.5133786793
0.0000000000	0.0000000000	0.0000000000	1.0000000000
298	298	299
-0.3020490981	-0.1261450045	-0.9449094032	-13.3194981392
-0.9513599995	0.1029677132	0.2903649453	12.6206104442
0.0606670731	0.9866534791	-0.1511106163	0.5207697017
0.0000000000	0.0000000000	0.0000000000	1.0000000000
299	299	300
-0.2133102803	-0.1245422782	-0.9690139035	-13.3585401198
-0.9759733308	0.0722781428	0.2055527371	12.7123125726
0.0444385191	0.9895782390	-0.1369676130	0.5217422800
0.0000000000	0.0000000000	0.0000000000	1.0000000000
300	300	301
-0.0046639999	-0.1431263688	-0.9896934322	-13.5158718848
-0.9996554259	0.0262333421	0.0009171626	12.8809948490
0.0258316962	0.9893566871	-0.1431994035	0.5296239054
0.0000000000	0.0000000000	0.0000000000	1.0000000000
301	301	302
0.0609146185	-0.1456626489	-0.9874572406	-13.5818771566
-0.9978905312	0.0133614077	-0.0635292106	12.9375864992
0.0224476518	0.9892440879	-0.1445414730	0.5345596185
0.0000000000	0.0000000000	0.0000000000	1.0000000000
302	302	303
0.3953237142	-0.0937610955	-0.9137439564	-13.7537646616
-0.9183384233	-0.0612798976	-0.3910234192	13.1268535847
-0.0193313520	0.9937070147	-0.1103298133	0.5407661081
0.0000000000	0.0000000000	0.0000000000	1.0000000000
303	303	304
0.5991535633	-0.1793648979	-0.7802840771	-13.8257415141
-0.8005704588	-0.1219262012	-0.5867034532	13.1607142754
0.0100969316	0.9761978462	-0.2166467565	0.5292933075
0.0000000000	0.0000000000	0.0000000000	1.0000000000
304	304	305
0.6517130198	-0.2178177020	-0.7265160622	-13.8388140081
-0.7582305817	-0.2109484106	-0.6169174605	13.1809442820
-0.0188818650	0.9529198375	-0.3026338686	0.5047847316
0.0000000000	0.0000000000	0.0000000000	1.0000000000
305	305	306
0.7067543286	-0.2944951956	-0.6432502614	-13.8519675875
-0.7072529844	-0.3160604912	-0.6323756652	13.2065841807
-0.0170743984	0.9018749058	-0.4316597262	0.4468601656
0.0000000000	0.0000000000	0.0000000000	1.0000000000
306	306	307
0.7249325564	-0.2741849684	-0.6318982447	-13.8461199670
-0.6885436273	-0.3144210730	-0.6534883795	13.2253225677
-0.0195054334	0.9088245111	-0.4167223849	0.4405194677
0.0000000000	0.0000000000	0.0000000000	1.0000000000
307	307	308
0.7139962525	-0.2224443325	-0.6638733842	-13.8353177899
-0.7000111767	-0.2456470778	-0.6705534025	13.2296334966
-0.0139177528	0.9434914054	-0.3311046119	0.4668041649
0.0000000000	0.0000000000	0.0000000000	1.0000000000
308	308	309
-0.2113632795	-0.0298141951	-0.9769527511	-14.0820164711
-0.9769516697	0.0369696392	0.2102348231	13.5841022410
0.0298496087	0.9988715431	-0.0369410518	0.5531152904
0.0000000000	0.0000000000	0.0000000000	1.0000000000
309	309	310
-0.2377662324	-0.0449053430	-0.9702838394	-14.4929189607
-0.9712764339	0.0012727994	0.2379505598	14.0662554368
-0.0094502748	0.9989904355	-0.0439181302	0.5618255987
0.0000000000	0.0000000000	0.0000000000	1.0000000000
310	310	311
-0.2445750559	0.1524777250	-0.9575664914	-14.8711111585
-0.9693142912	-0.0132342717	0.2454682441	14.2304144832
0.0247557443	0.9882182944	0.1510356106	0.6827980904
0.0000000000	0.0000000000	0.0000000000	1.0000000000
311	311	312
-0.3888450720	0.1437126706	-0.9100253723	-14.8830184937
-0.9205021765	-0.0194230599	0.3902543886	14.2749148840
0.0384090231	0.9894288317	0.1398403872	0.6767498416
0.0000000000	0.0000000000	0.0000000000	1.0000000000
312	312	313
-0.4341192623	0.1441673736	-0.8892447551	-14.8781710059
-0.8993789313	-0.0128676576	0.4369805046	14.3021946827
0.0515558346	0.9894696518	0.1352471964	0.6742565174
0.0000000000	0.0000000000	0.0000000000	1.0000000000
313	313	314
-0.1151825701	-0.0668935276	-0.9910894165	-14.5246119925
-0.9927056003	0.0435257986	0.1124326285	14.8600011692
0.0356169432	0.9968102933	-0.0714189928	0.6212551953
0.0000000000	0.0000000000	0.0000000000	1.0000000000
314	314	315
-0.6202513541	0.0182232487	0.7841914122	-12.3865235065
0.7843155989	-0.0005259728	0.6203618015	15.8575484409
0.0117174708	0.9998338045	-0.0139665429	0.5422395121
0.0000000000	0.0000000000	0.0000000000	1.0000000000
315	315	316
-0.6087455179	-0.0030218241	0.7933597942	-11.7370604468
0.7933530730	0.0032894733	0.6087528899	16.3779536072
-0.0044492801	0.9999900239	0.0003949213	0.5594515232
0.0000000000	0.0000000000	0.0000000000	1.0000000000
316	316	317
0.2154463901	0.0756602378	0.9735801874	-9.4748875925
0.9758923942	-0.0522975510	-0.2118938440	18.0224698340
0.0348839209	0.9957612638	-0.0851035692	0.5582521483
0.0000000000	0.0000000000	0.0000000000	1.0000000000
317	317	318
0.2726220345	0.0831730830	0.9585194127	-9.2659431068
0.9618675246	-0.0464379312	-0.2695447710	18.0740737938
0.0220927889	0.9954525387	-0.0926614908	0.5510519444
0.0000000000	0.0000000000	0.0000000000	1.0000000000
318	318	319
0.2192268139	0.0637544006	0.9735887122	-9.0188453446
0.9756497046	-0.0213555776	-0.2182924488	18.0842867244
0.0068744451	0.9977370975	-0.0668836773	0.5569767072
0.0000000000	0.0000000000	0.0000000000	1.0000000000
319	319	320
0.2209513290	0.0742578143	0.9724537456	-9.0002570700
0.9751899723	-0.0307282375	-0.2192265798	18.0942581098
0.0136025030	0.9967655454	-0.0792049208	0.5559590762
0.0000000000	0.0000000000	0.0000000000	1.0000000000
320	320	321
0.1887975122	0.0943482391	0.9774732268	-8.9697840130
0.9819048934	-0.0331121325	-0.1864574135	18.0972298568
0.0147742943	0.9949884404	-0.0988924859	0.5536414679
0.0000000000	0.0000000000	0.0000000000	1.0000000000
321	321	322
-0.2638699454	0.0956998970	0.9597990319	-8.8238432681
0.9643235596	0.0481241161	0.2603154659	18.1715783679
-0.0212773167	0.9942462467	-0.1049841732	0.5515878844
0.0000000000	0.0000000000	0.0000000000	1.0000000000
322	322	323
-0.5133959739	0.0834711587	0.8540826304	-8.5793850728
0.8581174922	0.0588393561	0.5100708771	18.4486445794
-0.0076774649	0.9947715797	-0.1018359499	0.5467113246
0.0000000000	0.0000000000	0.0000000000	1.0000000000
323	323	324
-0.5716077234	0.0744512779	0.8171423486	-8.3137621300
0.8204959035	0.0431887806	0.5700185975	18.6831598961
0.0071472314	0.9962889824	-0.0857740091	0.5466880214
0.0000000000	0.0000000000	0.0000000000	1.0000000000
324	324	325
-0.5628086471	0.0771806551	0.8229760466	-8.0761750899
0.8265843738	0.0551620235	0.5601030478	19.0061669430
-0.0021679038	0.9954899787	-0.0948419873	0.5404459189
0.0000000000	0.0000000000	0.0000000000	1.0000000000
325	325	326
-0.5939436710	0.0415536230	0.8034327676	-7.9580386691
0.8043319548	0.0514806068	0.5919458198	19.2388966765
-0.0167637129	0.9978091218	-0.0639994874	0.5455345060
0.0000000000	0.0000000000	0.0000000000	1.0000000000
326	326	327
-0.6278775188	0.0070241257	0.7782804655	-7.8962524748
0.7775876947	0.0487960947	0.6268782324	19.3530670495
-0.0335737758	0.9987840621	-0.0360998445	0.5467730192
0.0000000000	0.0000000000	0.0000000000	1.0000000000
327	327	328
-0.7047462331	-0.0456982838	0.7079861678	-7.7872374645
0.7070737925	0.0365270748	0.7061957411	19.5694486952
-0.0581325971	0.9982872531	0.0065697405	0.5869481085
0.0000000000	0.0000000000	0.0000000000	1.0000000000
328	328	329
-0.7807579809	-0.1653964504	0.6025454253	-7.6373331318
0.6009830919	0.0651080140	0.7966054668	19.8939901061
-0.1709862526	0.9840756885	0.0485668686	0.6253728054
0.0000000000	0.0000000000	0.0000000000	1.0000000000
329	329	330
-0.7895943619	-0.2069152303	0.5776909477	-7.5877674564
0.5796061298	0.0576361472	0.8128559582	19.9571532030
-0.2014881583	0.9766596961	0.0744201589	0.6233515451
0.0000000000	0.0000000000	0.0000000000	1.0000000000
330	330	331
-0.7991442495	-0.2354823424	0.5530972202	-7.5394342913
0.5571951678	0.0551555395	0.8285477726	20.0189566938
-0.2256147458	0.9703122863	0.0871323911	0.6165922211
0.0000000000	0.0000000000	0.0000000000	1.0000000000
331	331	332
-0.7045124607	-0.0988579329	0.7027725819	-7.4133593482
0.6982836820	0.0802793780	0.7113052235	20.3124871780
-0.1267363098	0.9918580194	0.0124730593	0.5816036397
0.0000000000	0.0000000000	0.0000000000	1.0000000000
332	332	333
-0.5799464281	-0.0259976097	0.8142396851	-7.3854859111
0.8132660438	0.0398559009	0.5805254939	20.2703329119
-0.0475445314	0.9988671741	-0.0019713141	0.5843816828
0.0000000000	0.0000000000	0.0000000000	1.0000000000
333	333	334
-0.3365049048	-0.0854771020	0.9377942813	-7.3185478770
0.9407770225	-0.0741581894	0.3308158958	20.1451179970
0.0412679419	0.9935764832	0.1053694880	0.6571543222
0.0000000000	0.0000000000	0.0000000000	1.0000000000
334	334	335
0.9772145186	-0.1839463217	0.1059034247	-7.0202584843
0.1377483425	0.1700091422	-0.9757675367	19.6250536673
0.1614842989	0.9681222249	0.1914737030	0.5921187644
0.0000000000	0.0000000000	0.0000000000	1.0000000000
335	335	336
-0.0273107888	0.1318567613	0.9908924842	-7.1197737618
0.9994822637	-0.0132652991	0.0293127345	17.3439286192
0.0170095674	0.9911800171	-0.1314262085	0.5176892200
0.0000000000	0.0000000000	0.0000000000	1.0000000000
336	336	337
-0.0970849696	0.1231956290	0.9876220662	-7.0596688987
0.9951953075	0.0246594697	0.0947534189	17.2567149148
-0.0126810294	0.9920759787	-0.1249977758	0.5223944700
0.0000000000	0.0000000000	0.0000000000	1.0000000000
337	337	338
-0.2446465915	0.1196526797	0.9622012687	-6.8641592344
0.9695806169	0.0382133935	0.2417708911	17.1220868429
-0.0078404407	0.9920801242	-0.1253616955	0.5178310258
0.0000000000	0.0000000000	0.0000000000	1.0000000000
338	338	339
-0.6191504266	0.2567300475	0.7421202274	-6.4506033701
0.7777126758	0.3312878991	0.5342390118	16.9523171539
-0.1087002442	0.9079306199	-0.4047792563	0.2995352074
0.0000000000	0.0000000000	0.0000000000	1.0000000000
339	339	340
0.1920102739	0.1528085063	0.9694233416	-6.3252385358
0.9805660721	-0.0704119602	-0.1831183611	15.9751796393
0.0402769545	0.9857442449	-0.1633586565	0.5350970831
0.0000000000	0.0000000000	0.0000000000	1.0000000000
340	340	341
0.5593258561	0.1514285085	0.8149993825	-5.7787504899
0.8289244672	-0.1095614991	-0.5485257565	14.8463849873
0.0062301169	0.9823775673	-0.1868033750	0.5203830414
0.0000000000	0.0000000000	0.0000000000	1.0000000000
341	341	342
0.8715711017	0.0883697576	0.4822391528	-5.3880747142
0.4897896718	-0.1134545306	-0.8644270628	14.1887810487
-0.0216769933	0.9896054039	-0.1421662848	0.5097920826
0.0000000000	0.0000000000	0.0000000000	1.0000000000
342	342	343
0.8898876851	0.0683161314	0.4510352692	-5.2900292315
0.4560679949	-0.1113563020	-0.8829505977	14.0745152802
-0.0100941494	0.9914296143	-0.1302514029	0.5112180658
0.0000000000	0.0000000000	0.0000000000	1.0000000000
343	343	344
0.8832222176	0.0422591828	0.4670467597	-4.9903713113
0.4688622638	-0.0993483140	-0.8776662749	13.6184880818
0.0093108486	0.9941549547	-0.1075603743	0.5089195237
0.0000000000	0.0000000000	0.0000000000	1.0000000000
344	344	345
0.8798916799	0.0351119637	0.4738752808	-4.9289093569
0.4748599841	-0.1012425898	-0.8742184701	13.5091728843
0.0172808335	0.9942419665	-0.1057557790	0.5211921198
0.0000000000	0.0000000000	0.0000000000	1.0000000000
345	345	346
0.8782903365	0.0352155578	0.4768290567	-4.8562354549
0.4775970645	-0.1115884225	-0.8714637502	13.3920267907
0.0225195202	0.9931303482	-0.1148258802	0.5143781952
0.0000000000	0.0000000000	0.0000000000	1.0000000000
346	346	347
0.8755876884	0.0302653793	0.4821101603	-4.7058000093
0.4817969606	-0.1268176745	-0.8670576487	13.1584932541
0.0348982608	0.9914642123	-0.1256217622	0.5193379398
0.0000000000	0.0000000000	0.0000000000	1.0000000000
347	347	348
0.8696905904	0.0372301647	0.4921912146	-4.6513290544
0.4926856279	-0.1260527935	-0.8610293638	13.0478627737
0.0299858125	0.9913246734	-0.1279696954	0.5132081415
0.0000000000	0.0000000000	0.0000000000	1.0000000000
348	348	349
0.8617771762	0.0416975671	0.5055703824	-4.5970192503
0.5066095629	-0.1222289397	-0.8534675372	12.9313803689
0.0262078119	0.9916256346	-0.1264584967	0.5099101966
0.0000000000	0.0000000000	0.0000000000	1.0000000000
349	349	350
0.8699507708	0.0308779467	0.4921709142	-4.4174818593
0.4920216145	-0.1214839926	-0.8620651776	12.5906916973
0.0331720851	0.9921129935	-0.1208777102	0.5217552821
0.0000000000	0.0000000000	0.0000000000	1.0000000000
350	350	351
0.9205632454	0.0120846004	0.3904065493	-4.2767195144
0.3887878557	-0.1243477876	-0.9128973825	12.3966925111
0.0375141906	0.9921651023	-0.1191683488	0.5221235442
0.0000000000	0.0000000000	0.0000000000	1.0000000000
351	351	352
0.9629407365	-0.0153933569	0.2692734344	-4.0826094769
0.2656596791	-0.1183034438	-0.9567806593	12.1152126001
0.0465840408	0.9928581670	-0.1098298111	0.5222722733
0.0000000000	0.0000000000	0.0000000000	1.0000000000
352	352	353
0.9723791754	-0.0079328960	0.2332719622	-4.0176950805
0.2308152017	-0.1158376539	-0.9660776266	12.0231168588
0.0346854702	0.9932364810	-0.1108070894	0.5278832210
0.0000000000	0.0000000000	0.0000000000	1.0000000000
353	353	354
0.9914782927	-0.0282226180	0.1271781384	-3.7814550709
0.1230457206	-0.1177447333	-0.9853912565	11.7570295199
0.0427848770	0.9926427664	-0.1132686748	0.5364405202
0.0000000000	0.0000000000	0.0000000000	1.0000000000
354	354	355
0.9917247578	-0.0360827417	-0.1232073068	-2.8428044719
-0.1257871975	-0.0811144306	-0.9887355714	10.5224841084
0.0256823997	0.9960514469	-0.0849819360	0.5588772720
0.0000000000	0.0000000000	0.0000000000	1.0000000000
355	355	356
0.9919949571	-0.0297708210	-0.1227179831	-2.7707196219
-0.1247677793	-0.0812504840	-0.9888535585	10.4403853633
0.0194680867	0.9962489935	-0.0843145096	0.5546158525
0.0000000000	0.0000000000	0.0000000000	1.0000000000
356	356	357
0.3764375325	-0.0881886023	-0.9222350864	-2.5324743597
-0.9254581215	0.0100701350	-0.3787160648	9.4283605738
0.0426854723	0.9960528916	-0.0778240815	0.5404319399
0.0000000000	0.0000000000	0.0000000000	1.0000000000
357	357	358
0.2887869517	-0.1912572441	-0.9380952847	-2.6981226974
-0.9572160842	-0.0388233133	-0.2867579440	9.3391872470
0.0184245669	0.9807718475	-0.1942861766	-0.0533734450
0.0000000000	0.0000000000	0.0000000000	1.0000000000
358	358	359
0.2898399174	-0.2226128524	-0.9308256229	-2.7128884969
-0.9570751038	-0.0676806555	-0.2818272068	9.3271404496
-0.0002605299	0.9725548040	-0.2326737744	-0.0876335717
0.0000000000	0.0000000000	0.0000000000	1.0000000000
359	359	360
0.2976454912	-0.2892939009	-0.9097890967	-2.7072075444
-0.9546764678	-0.0901369182	-0.2836691344	9.3184198228
0.0000581651	0.9529870801	-0.3030109267	-0.0167034907
0.0000000000	0.0000000000	0.0000000000	1.0000000000
360	360	361
0.3102842248	-0.2274326558	-0.9230374244	-2.6685247037
-0.9505892881	-0.0638271317	-0.3038191940	9.3338968462
0.0101835749	0.9716997913	-0.2359995984	0.1554622319
0.0000000000	0.0000000000	0.0000000000	1.0000000000
361	361	362
0.8092340290	0.0058799256	-0.5874569880	-2.5450096930
-0.5862871533	-0.0557772826	-0.8081808390	9.2768505587
-0.0375187977	0.9984259217	-0.0416895503	0.4948709332
0.0000000000	0.0000000000	0.0000000000	1.0000000000
362	362	363
0.9383978939	0.1064487147	0.3287522833	-2.1572780975
0.3376314532	-0.0798596330	-0.9378845562	8.7519621134
-0.0735825689	0.9911060035	-0.1108805457	0.4759307687
0.0000000000	0.0000000000	0.0000000000	1.0000000000
363	363	364
0.8770718042	0.0935205346	0.4711676559	-2.0708917038
0.4792578186	-0.1039780131	-0.8714932680	8.6516169206
-0.0325114396	0.9901729558	-0.1360166309	0.4701680054
0.0000000000	0.0000000000	0.0000000000	1.0000000000
364	364	365
-0.2880434921	0.1058102467	0.9517537173	1.4445226105
0.9561713211	0.0863762988	0.2797776611	3.3755891573
-0.0526056201	0.9906277438	-0.1260528541	0.5281314673
0.0000000000	0.0000000000	0.0000000000	1.0000000000
365	365	366
-0.4888693595	0.0707698509	0.8694816718	1.5540295258
0.8700293308	0.1123157933	0.4800355468	3.3604584799
-0.0636844796	0.9911492273	-0.1164795960	0.5266666633
0.0000000000	0.0000000000	0.0000000000	1.0000000000
366	366	367
-0.6688378415	0.0668543712	0.7403961337	2.0542084098
0.7421869248	0.1171169849	0.6598804290	3.7389318850
-0.0425970717	0.9908653314	-0.1279507116	0.4931806335
0.0000000000	0.0000000000	0.0000000000	1.0000000000
367	367	368
-0.2475198490	0.0812225516	0.9654723308	2.4524754632
0.9688386146	0.0302679988	0.2458365050	4.0074973415
-0.0092554471	0.9962362899	-0.0861834748	0.4925301066
0.0000000000	0.0000000000	0.0000000000	1.0000000000
368	368	369
-0.2625698209	0.0412329085	0.9640316055	2.5932228801
0.9643938851	0.0439818324	0.2607873325	3.9333734874
-0.0316468563	0.9981810686	-0.0513130667	0.4859543314
0.0000000000	0.0000000000	0.0000000000	1.0000000000
369	369	370
-0.2939837312	0.0539369483	0.9542873631	2.5231559228
0.9553882062	0.0462550175	0.2917084999	3.9266131585
-0.0284067124	0.9974724452	-0.0651289469	0.4876831026
0.0000000000	0.0000000000	0.0000000000	1.0000000000
370	370	371
-0.3510220184	0.0962084254	0.9314115532	2.4492194410
0.9363337354	0.0444752303	0.3482830600	3.9287530585
-0.0079169786	0.9943670815	-0.1056949795	0.4793660101
0.0000000000	0.0000000000	0.0000000000	1.0000000000
371	371	372
-0.4234815422	0.1172339995	0.8982870214	2.3744489671
0.9058881582	0.0488040293	0.4206956282	3.9202642666
0.0054798050	0.9919044087	-0.1268684974	0.4680876784
0.0000000000	0.0000000000	0.0000000000	1.0000000000
